{"meta": {"format": 3, "version": "7.11.0", "timestamp": "2025-11-12T12:01:35.887763", "branch_coverage": false, "show_contexts": false}, "files": {"workflow_core_sdk/__init__.py": {"executed_lines": [1, 3, 6, 7, 8, 11, 14, 25, 26, 27, 28, 29, 30, 31, 32, 35, 36, 42], "summary": {"covered_lines": 17, "num_statements": 17, "percent_covered": 100.0, "percent_covered_display": "100", "missing_lines": 0, "excluded_lines": 0}, "missing_lines": [], "excluded_lines": [], "functions": {"": {"executed_lines": [1, 3, 6, 7, 8, 11, 14, 25, 26, 27, 28, 29, 30, 31, 32, 35, 36, 42], "summary": {"covered_lines": 17, "num_statements": 17, "percent_covered": 100.0, "percent_covered_display": "100", "missing_lines": 0, "excluded_lines": 0}, "missing_lines": [], "excluded_lines": []}}, "classes": {"": {"executed_lines": [1, 3, 6, 7, 8, 11, 14, 25, 26, 27, 28, 29, 30, 31, 32, 35, 36, 42], "summary": {"covered_lines": 17, "num_statements": 17, "percent_covered": 100.0, "percent_covered_display": "100", "missing_lines": 0, "excluded_lines": 0}, "missing_lines": [], "excluded_lines": []}}}, "workflow_core_sdk/clients/__init__.py": {"executed_lines": [], "summary": {"covered_lines": 0, "num_statements": 3, "percent_covered": 0.0, "percent_covered_display": "0", "missing_lines": 3, "excluded_lines": 0}, "missing_lines": [1, 2, 4], "excluded_lines": [], "functions": {"": {"executed_lines": [], "summary": {"covered_lines": 0, "num_statements": 3, "percent_covered": 0.0, "percent_covered_display": "0", "missing_lines": 3, "excluded_lines": 0}, "missing_lines": [1, 2, 4], "excluded_lines": []}}, "classes": {"": {"executed_lines": [], "summary": {"covered_lines": 0, "num_statements": 3, "percent_covered": 0.0, "percent_covered_display": "0", "missing_lines": 3, "excluded_lines": 0}, "missing_lines": [1, 2, 4], "excluded_lines": []}}}, "workflow_core_sdk/clients/analytics_client.py": {"executed_lines": [], "summary": {"covered_lines": 0, "num_statements": 8, "percent_covered": 0.0, "percent_covered_display": "0", "missing_lines": 8, "excluded_lines": 0}, "missing_lines": [1, 4, 7, 8, 10, 12, 14, 16], "excluded_lines": [], "functions": {"AnalyticsClient.__init__": {"executed_lines": [], "summary": {"covered_lines": 0, "num_statements": 1, "percent_covered": 0.0, "percent_covered_display": "0", "missing_lines": 1, "excluded_lines": 0}, "missing_lines": [8], "excluded_lines": []}, "AnalyticsClient.send_event": {"executed_lines": [], "summary": {"covered_lines": 0, "num_statements": 1, "percent_covered": 0.0, "percent_covered_display": "0", "missing_lines": 1, "excluded_lines": 0}, "missing_lines": [12], "excluded_lines": []}, "AnalyticsClient.stream_events": {"executed_lines": [], "summary": {"covered_lines": 0, "num_statements": 1, "percent_covered": 0.0, "percent_covered_display": "0", "missing_lines": 1, "excluded_lines": 0}, "missing_lines": [16], "excluded_lines": []}, "": {"executed_lines": [], "summary": {"covered_lines": 0, "num_statements": 5, "percent_covered": 0.0, "percent_covered_display": "0", "missing_lines": 5, "excluded_lines": 0}, "missing_lines": [1, 4, 7, 10, 14], "excluded_lines": []}}, "classes": {"AnalyticsClient": {"executed_lines": [], "summary": {"covered_lines": 0, "num_statements": 3, "percent_covered": 0.0, "percent_covered_display": "0", "missing_lines": 3, "excluded_lines": 0}, "missing_lines": [8, 12, 16], "excluded_lines": []}, "": {"executed_lines": [], "summary": {"covered_lines": 0, "num_statements": 5, "percent_covered": 0.0, "percent_covered_display": "0", "missing_lines": 5, "excluded_lines": 0}, "missing_lines": [1, 4, 7, 10, 14], "excluded_lines": []}}}, "workflow_core_sdk/clients/orchestration_client.py": {"executed_lines": [], "summary": {"covered_lines": 0, "num_statements": 8, "percent_covered": 0.0, "percent_covered_display": "0", "missing_lines": 8, "excluded_lines": 0}, "missing_lines": [1, 4, 7, 8, 10, 11, 13, 14], "excluded_lines": [], "functions": {"OrchestrationClient.__init__": {"executed_lines": [], "summary": {"covered_lines": 0, "num_statements": 1, "percent_covered": 0.0, "percent_covered_display": "0", "missing_lines": 1, "excluded_lines": 0}, "missing_lines": [8], "excluded_lines": []}, "OrchestrationClient.get_workflow": {"executed_lines": [], "summary": {"covered_lines": 0, "num_statements": 1, "percent_covered": 0.0, "percent_covered_display": "0", "missing_lines": 1, "excluded_lines": 0}, "missing_lines": [11], "excluded_lines": []}, "OrchestrationClient.report_status": {"executed_lines": [], "summary": {"covered_lines": 0, "num_statements": 1, "percent_covered": 0.0, "percent_covered_display": "0", "missing_lines": 1, "excluded_lines": 0}, "missing_lines": [14], "excluded_lines": []}, "": {"executed_lines": [], "summary": {"covered_lines": 0, "num_statements": 5, "percent_covered": 0.0, "percent_covered_display": "0", "missing_lines": 5, "excluded_lines": 0}, "missing_lines": [1, 4, 7, 10, 13], "excluded_lines": []}}, "classes": {"OrchestrationClient": {"executed_lines": [], "summary": {"covered_lines": 0, "num_statements": 3, "percent_covered": 0.0, "percent_covered_display": "0", "missing_lines": 3, "excluded_lines": 0}, "missing_lines": [8, 11, 14], "excluded_lines": []}, "": {"executed_lines": [], "summary": {"covered_lines": 0, "num_statements": 5, "percent_covered": 0.0, "percent_covered_display": "0", "missing_lines": 5, "excluded_lines": 0}, "missing_lines": [1, 4, 7, 10, 13], "excluded_lines": []}}}, "workflow_core_sdk/condition_evaluator.py": {"executed_lines": [], "summary": {"covered_lines": 0, "num_statements": 197, "percent_covered": 0.0, "percent_covered_display": "0", "missing_lines": 197, "excluded_lines": 0}, "missing_lines": [8, 9, 10, 11, 12, 13, 16, 19, 21, 22, 23, 24, 25, 26, 27, 28, 29, 30, 31, 32, 33, 34, 35, 36, 37, 40, 42, 43, 44, 47, 48, 50, 51, 52, 53, 56, 57, 59, 60, 61, 64, 67, 68, 70, 81, 83, 86, 87, 89, 90, 92, 93, 95, 96, 98, 99, 101, 102, 104, 105, 107, 108, 110, 111, 113, 114, 116, 117, 119, 120, 122, 123, 125, 126, 128, 129, 131, 132, 134, 135, 138, 139, 141, 142, 143, 145, 156, 157, 158, 160, 162, 163, 164, 165, 166, 168, 169, 171, 174, 175, 176, 177, 178, 180, 182, 183, 185, 186, 187, 189, 198, 200, 201, 202, 203, 204, 205, 208, 210, 217, 218, 219, 221, 222, 223, 225, 226, 227, 229, 230, 231, 233, 234, 236, 237, 238, 240, 242, 243, 244, 246, 247, 248, 249, 250, 252, 254, 256, 257, 258, 260, 262, 265, 267, 270, 271, 272, 274, 275, 276, 279, 280, 281, 282, 283, 284, 287, 288, 289, 290, 293, 295, 297, 299, 300, 302, 303, 304, 305, 306, 308, 309, 310, 312, 314, 315, 316, 318, 319, 320, 322, 324, 325, 326, 327, 328, 332], "excluded_lines": [], "functions": {"ConditionEvaluator.__init__": {"executed_lines": [], "summary": {"covered_lines": 0, "num_statements": 1, "percent_covered": 0.0, "percent_covered_display": "0", "missing_lines": 1, "excluded_lines": 0}, "missing_lines": [68], "excluded_lines": []}, "ConditionEvaluator.evaluate_condition": {"executed_lines": [], "summary": {"covered_lines": 0, "num_statements": 41, "percent_covered": 0.0, "percent_covered_display": "0", "missing_lines": 41, "excluded_lines": 0}, "missing_lines": [81, 83, 86, 87, 89, 90, 92, 93, 95, 96, 98, 99, 101, 102, 104, 105, 107, 108, 110, 111, 113, 114, 116, 117, 119, 120, 122, 123, 125, 126, 128, 129, 131, 132, 134, 135, 138, 139, 141, 142, 143], "excluded_lines": []}, "ConditionEvaluator.evaluate_expression": {"executed_lines": [], "summary": {"covered_lines": 0, "num_statements": 23, "percent_covered": 0.0, "percent_covered_display": "0", "missing_lines": 23, "excluded_lines": 0}, "missing_lines": [156, 157, 158, 160, 162, 163, 164, 165, 166, 168, 169, 171, 174, 175, 176, 177, 178, 180, 182, 183, 185, 186, 187], "excluded_lines": []}, "ConditionEvaluator.parse_condition_string": {"executed_lines": [], "summary": {"covered_lines": 0, "num_statements": 26, "percent_covered": 0.0, "percent_covered_display": "0", "missing_lines": 26, "excluded_lines": 0}, "missing_lines": [198, 200, 201, 202, 203, 204, 205, 208, 210, 217, 218, 219, 221, 222, 223, 225, 226, 227, 229, 230, 231, 233, 234, 236, 237, 238], "excluded_lines": []}, "ConditionEvaluator._resolve_variable": {"executed_lines": [], "summary": {"covered_lines": 0, "num_statements": 13, "percent_covered": 0.0, "percent_covered_display": "0", "missing_lines": 13, "excluded_lines": 0}, "missing_lines": [242, 243, 244, 246, 247, 248, 249, 250, 252, 254, 256, 257, 258], "excluded_lines": []}, "ConditionEvaluator._parse_value": {"executed_lines": [], "summary": {"covered_lines": 0, "num_statements": 20, "percent_covered": 0.0, "percent_covered_display": "0", "missing_lines": 20, "excluded_lines": 0}, "missing_lines": [262, 265, 267, 270, 271, 272, 274, 275, 276, 279, 280, 281, 282, 283, 284, 287, 288, 289, 290, 293], "excluded_lines": []}, "ConditionEvaluator._safe_compare": {"executed_lines": [], "summary": {"covered_lines": 0, "num_statements": 11, "percent_covered": 0.0, "percent_covered_display": "0", "missing_lines": 11, "excluded_lines": 0}, "missing_lines": [297, 299, 300, 302, 303, 304, 305, 306, 308, 309, 310], "excluded_lines": []}, "ConditionEvaluator._safe_contains": {"executed_lines": [], "summary": {"covered_lines": 0, "num_statements": 6, "percent_covered": 0.0, "percent_covered_display": "0", "missing_lines": 6, "excluded_lines": 0}, "missing_lines": [314, 315, 316, 318, 319, 320], "excluded_lines": []}, "ConditionEvaluator._is_empty": {"executed_lines": [], "summary": {"covered_lines": 0, "num_statements": 5, "percent_covered": 0.0, "percent_covered_display": "0", "missing_lines": 5, "excluded_lines": 0}, "missing_lines": [324, 325, 326, 327, 328], "excluded_lines": []}, "": {"executed_lines": [], "summary": {"covered_lines": 0, "num_statements": 51, "percent_covered": 0.0, "percent_covered_display": "0", "missing_lines": 51, "excluded_lines": 0}, "missing_lines": [8, 9, 10, 11, 12, 13, 16, 19, 21, 22, 23, 24, 25, 26, 27, 28, 29, 30, 31, 32, 33, 34, 35, 36, 37, 40, 42, 43, 44, 47, 48, 50, 51, 52, 53, 56, 57, 59, 60, 61, 64, 67, 70, 145, 189, 240, 260, 295, 312, 322, 332], "excluded_lines": []}}, "classes": {"ConditionOperator": {"executed_lines": [], "summary": {"covered_lines": 0, "num_statements": 0, "percent_covered": 100.0, "percent_covered_display": "100", "missing_lines": 0, "excluded_lines": 0}, "missing_lines": [], "excluded_lines": []}, "LogicalOperator": {"executed_lines": [], "summary": {"covered_lines": 0, "num_statements": 0, "percent_covered": 100.0, "percent_covered_display": "100", "missing_lines": 0, "excluded_lines": 0}, "missing_lines": [], "excluded_lines": []}, "Condition": {"executed_lines": [], "summary": {"covered_lines": 0, "num_statements": 0, "percent_covered": 100.0, "percent_covered_display": "100", "missing_lines": 0, "excluded_lines": 0}, "missing_lines": [], "excluded_lines": []}, "ConditionalExpression": {"executed_lines": [], "summary": {"covered_lines": 0, "num_statements": 0, "percent_covered": 100.0, "percent_covered_display": "100", "missing_lines": 0, "excluded_lines": 0}, "missing_lines": [], "excluded_lines": []}, "ConditionEvaluator": {"executed_lines": [], "summary": {"covered_lines": 0, "num_statements": 146, "percent_covered": 0.0, "percent_covered_display": "0", "missing_lines": 146, "excluded_lines": 0}, "missing_lines": [68, 81, 83, 86, 87, 89, 90, 92, 93, 95, 96, 98, 99, 101, 102, 104, 105, 107, 108, 110, 111, 113, 114, 116, 117, 119, 120, 122, 123, 125, 126, 128, 129, 131, 132, 134, 135, 138, 139, 141, 142, 143, 156, 157, 158, 160, 162, 163, 164, 165, 166, 168, 169, 171, 174, 175, 176, 177, 178, 180, 182, 183, 185, 186, 187, 198, 200, 201, 202, 203, 204, 205, 208, 210, 217, 218, 219, 221, 222, 223, 225, 226, 227, 229, 230, 231, 233, 234, 236, 237, 238, 242, 243, 244, 246, 247, 248, 249, 250, 252, 254, 256, 257, 258, 262, 265, 267, 270, 271, 272, 274, 275, 276, 279, 280, 281, 282, 283, 284, 287, 288, 289, 290, 293, 297, 299, 300, 302, 303, 304, 305, 306, 308, 309, 310, 314, 315, 316, 318, 319, 320, 324, 325, 326, 327, 328], "excluded_lines": []}, "": {"executed_lines": [], "summary": {"covered_lines": 0, "num_statements": 51, "percent_covered": 0.0, "percent_covered_display": "0", "missing_lines": 51, "excluded_lines": 0}, "missing_lines": [8, 9, 10, 11, 12, 13, 16, 19, 21, 22, 23, 24, 25, 26, 27, 28, 29, 30, 31, 32, 33, 34, 35, 36, 37, 40, 42, 43, 44, 47, 48, 50, 51, 52, 53, 56, 57, 59, 60, 61, 64, 67, 70, 145, 189, 240, 260, 295, 312, 322, 332], "excluded_lines": []}}}, "workflow_core_sdk/db/__init__.py": {"executed_lines": [1, 10, 11, 13], "summary": {"covered_lines": 3, "num_statements": 3, "percent_covered": 100.0, "percent_covered_display": "100", "missing_lines": 0, "excluded_lines": 0}, "missing_lines": [], "excluded_lines": [], "functions": {"": {"executed_lines": [1, 10, 11, 13], "summary": {"covered_lines": 3, "num_statements": 3, "percent_covered": 100.0, "percent_covered_display": "100", "missing_lines": 0, "excluded_lines": 0}, "missing_lines": [], "excluded_lines": []}}, "classes": {"": {"executed_lines": [1, 10, 11, 13], "summary": {"covered_lines": 3, "num_statements": 3, "percent_covered": 100.0, "percent_covered_display": "100", "missing_lines": 0, "excluded_lines": 0}, "missing_lines": [], "excluded_lines": []}}}, "workflow_core_sdk/db/database.py": {"executed_lines": [1, 8, 9, 10, 11, 12, 13, 20, 29, 30, 31, 32, 35, 36, 46, 47, 49, 57, 60, 65, 72, 78], "summary": {"covered_lines": 21, "num_statements": 32, "percent_covered": 65.625, "percent_covered_display": "66", "missing_lines": 11, "excluded_lines": 0}, "missing_lines": [51, 52, 53, 54, 55, 62, 67, 68, 74, 80, 82], "excluded_lines": [], "functions": {"create_db_and_tables": {"executed_lines": [], "summary": {"covered_lines": 0, "num_statements": 1, "percent_covered": 0.0, "percent_covered_display": "0", "missing_lines": 1, "excluded_lines": 0}, "missing_lines": [62], "excluded_lines": []}, "get_session": {"executed_lines": [], "summary": {"covered_lines": 0, "num_statements": 2, "percent_covered": 0.0, "percent_covered_display": "0", "missing_lines": 2, "excluded_lines": 0}, "missing_lines": [67, 68], "excluded_lines": []}, "get_db_session": {"executed_lines": [], "summary": {"covered_lines": 0, "num_statements": 1, "percent_covered": 0.0, "percent_covered_display": "0", "missing_lines": 1, "excluded_lines": 0}, "missing_lines": [74], "excluded_lines": []}, "get_database": {"executed_lines": [], "summary": {"covered_lines": 0, "num_statements": 2, "percent_covered": 0.0, "percent_covered_display": "0", "missing_lines": 2, "excluded_lines": 0}, "missing_lines": [80, 82], "excluded_lines": []}, "": {"executed_lines": [1, 8, 9, 10, 11, 12, 13, 20, 29, 30, 31, 32, 35, 36, 46, 47, 49, 57, 60, 65, 72, 78], "summary": {"covered_lines": 21, "num_statements": 26, "percent_covered": 80.76923076923077, "percent_covered_display": "81", "missing_lines": 5, "excluded_lines": 0}, "missing_lines": [51, 52, 53, 54, 55], "excluded_lines": []}}, "classes": {"": {"executed_lines": [1, 8, 9, 10, 11, 12, 13, 20, 29, 30, 31, 32, 35, 36, 46, 47, 49, 57, 60, 65, 72, 78], "summary": {"covered_lines": 21, "num_statements": 32, "percent_covered": 65.625, "percent_covered_display": "66", "missing_lines": 11, "excluded_lines": 0}, "missing_lines": [51, 52, 53, 54, 55, 62, 67, 68, 74, 80, 82], "excluded_lines": []}}}, "workflow_core_sdk/db/models/__init__.py": {"executed_lines": [1, 8, 9, 16, 28, 35, 43, 44, 50, 54, 71, 78], "summary": {"covered_lines": 11, "num_statements": 11, "percent_covered": 100.0, "percent_covered_display": "100", "missing_lines": 0, "excluded_lines": 0}, "missing_lines": [], "excluded_lines": [], "functions": {"": {"executed_lines": [1, 8, 9, 16, 28, 35, 43, 44, 50, 54, 71, 78], "summary": {"covered_lines": 11, "num_statements": 11, "percent_covered": 100.0, "percent_covered_display": "100", "missing_lines": 0, "excluded_lines": 0}, "missing_lines": [], "excluded_lines": []}}, "classes": {"": {"executed_lines": [1, 8, 9, 16, 28, 35, 43, 44, 50, 54, 71, 78], "summary": {"covered_lines": 11, "num_statements": 11, "percent_covered": 100.0, "percent_covered_display": "100", "missing_lines": 0, "excluded_lines": 0}, "missing_lines": [], "excluded_lines": []}}}, "workflow_core_sdk/db/models/agents.py": {"executed_lines": [1, 7, 8, 9, 10, 11, 13, 14, 17, 18, 19, 20, 21, 25, 26, 27, 28, 29, 32, 33, 34, 35, 36, 39, 40, 41, 42, 43, 46, 47, 48, 49, 50, 53, 57, 58, 59, 60, 61, 62, 63, 64, 65, 66, 69, 70, 73, 74, 75, 76, 77, 78, 79, 80, 83, 84, 85, 86, 90, 91, 96, 97, 99, 101, 102, 104, 105, 107, 108, 110, 114, 117, 118, 122, 123, 124, 125, 127, 128, 130, 134], "summary": {"covered_lines": 80, "num_statements": 80, "percent_covered": 100.0, "percent_covered_display": "100", "missing_lines": 0, "excluded_lines": 0}, "missing_lines": [], "excluded_lines": [], "functions": {"": {"executed_lines": [1, 7, 8, 9, 10, 11, 13, 14, 17, 18, 19, 20, 21, 25, 26, 27, 28, 29, 32, 33, 34, 35, 36, 39, 40, 41, 42, 43, 46, 47, 48, 49, 50, 53, 57, 58, 59, 60, 61, 62, 63, 64, 65, 66, 69, 70, 73, 74, 75, 76, 77, 78, 79, 80, 83, 84, 85, 86, 90, 91, 96, 97, 99, 101, 102, 104, 105, 107, 108, 110, 114, 117, 118, 122, 123, 124, 125, 127, 128, 130, 134], "summary": {"covered_lines": 80, "num_statements": 80, "percent_covered": 100.0, "percent_covered_display": "100", "missing_lines": 0, "excluded_lines": 0}, "missing_lines": [], "excluded_lines": []}}, "classes": {"ProviderType": {"executed_lines": [], "summary": {"covered_lines": 0, "num_statements": 0, "percent_covered": 100.0, "percent_covered_display": "100", "missing_lines": 0, "excluded_lines": 0}, "missing_lines": [], "excluded_lines": []}, "OpenAIConfig": {"executed_lines": [], "summary": {"covered_lines": 0, "num_statements": 0, "percent_covered": 100.0, "percent_covered_display": "100", "missing_lines": 0, "excluded_lines": 0}, "missing_lines": [], "excluded_lines": []}, "GeminiConfig": {"executed_lines": [], "summary": {"covered_lines": 0, "num_statements": 0, "percent_covered": 100.0, "percent_covered_display": "100", "missing_lines": 0, "excluded_lines": 0}, "missing_lines": [], "excluded_lines": []}, "BedrockConfig": {"executed_lines": [], "summary": {"covered_lines": 0, "num_statements": 0, "percent_covered": 100.0, "percent_covered_display": "100", "missing_lines": 0, "excluded_lines": 0}, "missing_lines": [], "excluded_lines": []}, "OnPremConfig": {"executed_lines": [], "summary": {"covered_lines": 0, "num_statements": 0, "percent_covered": 100.0, "percent_covered_display": "100", "missing_lines": 0, "excluded_lines": 0}, "missing_lines": [], "excluded_lines": []}, "AgentBase": {"executed_lines": [], "summary": {"covered_lines": 0, "num_statements": 0, "percent_covered": 100.0, "percent_covered_display": "100", "missing_lines": 0, "excluded_lines": 0}, "missing_lines": [], "excluded_lines": []}, "AgentCreate": {"executed_lines": [], "summary": {"covered_lines": 0, "num_statements": 0, "percent_covered": 100.0, "percent_covered_display": "100", "missing_lines": 0, "excluded_lines": 0}, "missing_lines": [], "excluded_lines": []}, "AgentUpdate": {"executed_lines": [], "summary": {"covered_lines": 0, "num_statements": 0, "percent_covered": 100.0, "percent_covered_display": "100", "missing_lines": 0, "excluded_lines": 0}, "missing_lines": [], "excluded_lines": []}, "AgentRead": {"executed_lines": [], "summary": {"covered_lines": 0, "num_statements": 0, "percent_covered": 100.0, "percent_covered_display": "100", "missing_lines": 0, "excluded_lines": 0}, "missing_lines": [], "excluded_lines": []}, "Agent": {"executed_lines": [], "summary": {"covered_lines": 0, "num_statements": 0, "percent_covered": 100.0, "percent_covered_display": "100", "missing_lines": 0, "excluded_lines": 0}, "missing_lines": [], "excluded_lines": []}, "AgentToolBinding": {"executed_lines": [], "summary": {"covered_lines": 0, "num_statements": 0, "percent_covered": 100.0, "percent_covered_display": "100", "missing_lines": 0, "excluded_lines": 0}, "missing_lines": [], "excluded_lines": []}, "": {"executed_lines": [1, 7, 8, 9, 10, 11, 13, 14, 17, 18, 19, 20, 21, 25, 26, 27, 28, 29, 32, 33, 34, 35, 36, 39, 40, 41, 42, 43, 46, 47, 48, 49, 50, 53, 57, 58, 59, 60, 61, 62, 63, 64, 65, 66, 69, 70, 73, 74, 75, 76, 77, 78, 79, 80, 83, 84, 85, 86, 90, 91, 96, 97, 99, 101, 102, 104, 105, 107, 108, 110, 114, 117, 118, 122, 123, 124, 125, 127, 128, 130, 134], "summary": {"covered_lines": 80, "num_statements": 80, "percent_covered": 100.0, "percent_covered_display": "100", "missing_lines": 0, "excluded_lines": 0}, "missing_lines": [], "excluded_lines": []}}}, "workflow_core_sdk/db/models/analytics.py": {"executed_lines": [1, 4, 5, 6, 7, 8, 11, 12, 15, 16, 19, 20, 23, 24, 25, 28, 29, 32, 33, 36, 37, 38, 39, 42, 43, 46, 47, 49, 50, 51, 54, 55, 56, 58, 61, 62, 63, 66, 67, 68, 69], "summary": {"covered_lines": 40, "num_statements": 40, "percent_covered": 100.0, "percent_covered_display": "100", "missing_lines": 0, "excluded_lines": 0}, "missing_lines": [], "excluded_lines": [], "functions": {"": {"executed_lines": [1, 4, 5, 6, 7, 8, 11, 12, 15, 16, 19, 20, 23, 24, 25, 28, 29, 32, 33, 36, 37, 38, 39, 42, 43, 46, 47, 49, 50, 51, 54, 55, 56, 58, 61, 62, 63, 66, 67, 68, 69], "summary": {"covered_lines": 40, "num_statements": 40, "percent_covered": 100.0, "percent_covered_display": "100", "missing_lines": 0, "excluded_lines": 0}, "missing_lines": [], "excluded_lines": []}}, "classes": {"AgentExecutionMetrics": {"executed_lines": [], "summary": {"covered_lines": 0, "num_statements": 0, "percent_covered": 100.0, "percent_covered_display": "100", "missing_lines": 0, "excluded_lines": 0}, "missing_lines": [], "excluded_lines": []}, "WorkflowMetrics": {"executed_lines": [], "summary": {"covered_lines": 0, "num_statements": 0, "percent_covered": 100.0, "percent_covered_display": "100", "missing_lines": 0, "excluded_lines": 0}, "missing_lines": [], "excluded_lines": []}, "": {"executed_lines": [1, 4, 5, 6, 7, 8, 11, 12, 15, 16, 19, 20, 23, 24, 25, 28, 29, 32, 33, 36, 37, 38, 39, 42, 43, 46, 47, 49, 50, 51, 54, 55, 56, 58, 61, 62, 63, 66, 67, 68, 69], "summary": {"covered_lines": 40, "num_statements": 40, "percent_covered": 100.0, "percent_covered_display": "100", "missing_lines": 0, "excluded_lines": 0}, "missing_lines": [], "excluded_lines": []}}}, "workflow_core_sdk/db/models/approvals.py": {"executed_lines": [1, 5, 7, 8, 9, 10, 11, 13, 16, 17, 18, 19, 22, 23, 24, 25, 27, 28, 29, 30, 32, 33, 34, 37, 38, 41, 42, 43, 44], "summary": {"covered_lines": 28, "num_statements": 28, "percent_covered": 100.0, "percent_covered_display": "100", "missing_lines": 0, "excluded_lines": 0}, "missing_lines": [], "excluded_lines": [], "functions": {"": {"executed_lines": [1, 5, 7, 8, 9, 10, 11, 13, 16, 17, 18, 19, 22, 23, 24, 25, 27, 28, 29, 30, 32, 33, 34, 37, 38, 41, 42, 43, 44], "summary": {"covered_lines": 28, "num_statements": 28, "percent_covered": 100.0, "percent_covered_display": "100", "missing_lines": 0, "excluded_lines": 0}, "missing_lines": [], "excluded_lines": []}}, "classes": {"ApprovalStatus": {"executed_lines": [], "summary": {"covered_lines": 0, "num_statements": 0, "percent_covered": 100.0, "percent_covered_display": "100", "missing_lines": 0, "excluded_lines": 0}, "missing_lines": [], "excluded_lines": []}, "ApprovalRequestBase": {"executed_lines": [], "summary": {"covered_lines": 0, "num_statements": 0, "percent_covered": 100.0, "percent_covered_display": "100", "missing_lines": 0, "excluded_lines": 0}, "missing_lines": [], "excluded_lines": []}, "ApprovalRequest": {"executed_lines": [], "summary": {"covered_lines": 0, "num_statements": 0, "percent_covered": 100.0, "percent_covered_display": "100", "missing_lines": 0, "excluded_lines": 0}, "missing_lines": [], "excluded_lines": []}, "ApprovalRequestRead": {"executed_lines": [], "summary": {"covered_lines": 0, "num_statements": 0, "percent_covered": 100.0, "percent_covered_display": "100", "missing_lines": 0, "excluded_lines": 0}, "missing_lines": [], "excluded_lines": []}, "": {"executed_lines": [1, 5, 7, 8, 9, 10, 11, 13, 16, 17, 18, 19, 22, 23, 24, 25, 27, 28, 29, 30, 32, 33, 34, 37, 38, 41, 42, 43, 44], "summary": {"covered_lines": 28, "num_statements": 28, "percent_covered": 100.0, "percent_covered_display": "100", "missing_lines": 0, "excluded_lines": 0}, "missing_lines": [], "excluded_lines": []}}}, "workflow_core_sdk/db/models/base.py": {"executed_lines": [1, 7, 8, 9, 10, 11, 12, 15, 17, 20, 21, 23, 29, 34], "summary": {"covered_lines": 12, "num_statements": 12, "percent_covered": 100.0, "percent_covered_display": "100", "missing_lines": 0, "excluded_lines": 0}, "missing_lines": [], "excluded_lines": [], "functions": {"get_utc_datetime": {"executed_lines": [17], "summary": {"covered_lines": 1, "num_statements": 1, "percent_covered": 100.0, "percent_covered_display": "100", "missing_lines": 0, "excluded_lines": 0}, "missing_lines": [], "excluded_lines": []}, "": {"executed_lines": [1, 7, 8, 9, 10, 11, 12, 15, 20, 21, 23, 29, 34], "summary": {"covered_lines": 11, "num_statements": 11, "percent_covered": 100.0, "percent_covered_display": "100", "missing_lines": 0, "excluded_lines": 0}, "missing_lines": [], "excluded_lines": []}}, "classes": {"BaseModel": {"executed_lines": [], "summary": {"covered_lines": 0, "num_statements": 0, "percent_covered": 100.0, "percent_covered_display": "100", "missing_lines": 0, "excluded_lines": 0}, "missing_lines": [], "excluded_lines": []}, "": {"executed_lines": [1, 7, 8, 9, 10, 11, 12, 15, 17, 20, 21, 23, 29, 34], "summary": {"covered_lines": 12, "num_statements": 12, "percent_covered": 100.0, "percent_covered_display": "100", "missing_lines": 0, "excluded_lines": 0}, "missing_lines": [], "excluded_lines": []}}}, "workflow_core_sdk/db/models/executions.py": {"executed_lines": [1, 8, 9, 10, 11, 12, 13, 14, 16, 19, 20, 22, 23, 24, 25, 26, 27, 28, 31, 32, 34, 35, 36, 37, 38, 39, 40, 41, 45, 46, 49, 52, 53, 54, 57, 60, 61, 62, 63, 66, 69, 70, 71, 75, 76, 79, 86, 91, 96, 101, 108, 115, 118, 119, 120, 123, 126, 131, 136, 141, 148, 155, 156, 157, 160, 165, 173, 174, 177, 180, 181, 182, 185, 188, 189, 190, 193, 196, 197, 198, 199, 200, 204, 205, 208, 215, 218, 219, 220, 223, 226, 231, 236, 243, 246, 247, 248, 249, 250, 253, 258, 266, 267, 270, 271, 272, 275, 276, 277, 280, 281, 284, 285, 286, 290, 291, 293, 294, 295, 296, 297, 298, 299, 302, 303, 305, 306, 307, 308, 309, 310], "summary": {"covered_lines": 120, "num_statements": 120, "percent_covered": 100.0, "percent_covered_display": "100", "missing_lines": 0, "excluded_lines": 0}, "missing_lines": [], "excluded_lines": [], "functions": {"": {"executed_lines": [1, 8, 9, 10, 11, 12, 13, 14, 16, 19, 20, 22, 23, 24, 25, 26, 27, 28, 31, 32, 34, 35, 36, 37, 38, 39, 40, 41, 45, 46, 49, 52, 53, 54, 57, 60, 61, 62, 63, 66, 69, 70, 71, 75, 76, 79, 86, 91, 96, 101, 108, 115, 118, 119, 120, 123, 126, 131, 136, 141, 148, 155, 156, 157, 160, 165, 173, 174, 177, 180, 181, 182, 185, 188, 189, 190, 193, 196, 197, 198, 199, 200, 204, 205, 208, 215, 218, 219, 220, 223, 226, 231, 236, 243, 246, 247, 248, 249, 250, 253, 258, 266, 267, 270, 271, 272, 275, 276, 277, 280, 281, 284, 285, 286, 290, 291, 293, 294, 295, 296, 297, 298, 299, 302, 303, 305, 306, 307, 308, 309, 310], "summary": {"covered_lines": 120, "num_statements": 120, "percent_covered": 100.0, "percent_covered_display": "100", "missing_lines": 0, "excluded_lines": 0}, "missing_lines": [], "excluded_lines": []}}, "classes": {"ExecutionStatus": {"executed_lines": [], "summary": {"covered_lines": 0, "num_statements": 0, "percent_covered": 100.0, "percent_covered_display": "100", "missing_lines": 0, "excluded_lines": 0}, "missing_lines": [], "excluded_lines": []}, "StepStatus": {"executed_lines": [], "summary": {"covered_lines": 0, "num_statements": 0, "percent_covered": 100.0, "percent_covered_display": "100", "missing_lines": 0, "excluded_lines": 0}, "missing_lines": [], "excluded_lines": []}, "WorkflowExecutionBase": {"executed_lines": [], "summary": {"covered_lines": 0, "num_statements": 0, "percent_covered": 100.0, "percent_covered_display": "100", "missing_lines": 0, "excluded_lines": 0}, "missing_lines": [], "excluded_lines": []}, "WorkflowExecution": {"executed_lines": [], "summary": {"covered_lines": 0, "num_statements": 0, "percent_covered": 100.0, "percent_covered_display": "100", "missing_lines": 0, "excluded_lines": 0}, "missing_lines": [], "excluded_lines": []}, "StepExecutionBase": {"executed_lines": [], "summary": {"covered_lines": 0, "num_statements": 0, "percent_covered": 100.0, "percent_covered_display": "100", "missing_lines": 0, "excluded_lines": 0}, "missing_lines": [], "excluded_lines": []}, "StepExecution": {"executed_lines": [], "summary": {"covered_lines": 0, "num_statements": 0, "percent_covered": 100.0, "percent_covered_display": "100", "missing_lines": 0, "excluded_lines": 0}, "missing_lines": [], "excluded_lines": []}, "WorkflowExecutionRead": {"executed_lines": [], "summary": {"covered_lines": 0, "num_statements": 0, "percent_covered": 100.0, "percent_covered_display": "100", "missing_lines": 0, "excluded_lines": 0}, "missing_lines": [], "excluded_lines": []}, "StepExecutionRead": {"executed_lines": [], "summary": {"covered_lines": 0, "num_statements": 0, "percent_covered": 100.0, "percent_covered_display": "100", "missing_lines": 0, "excluded_lines": 0}, "missing_lines": [], "excluded_lines": []}, "WorkflowExecutionUpdate": {"executed_lines": [], "summary": {"covered_lines": 0, "num_statements": 0, "percent_covered": 100.0, "percent_covered_display": "100", "missing_lines": 0, "excluded_lines": 0}, "missing_lines": [], "excluded_lines": []}, "StepExecutionUpdate": {"executed_lines": [], "summary": {"covered_lines": 0, "num_statements": 0, "percent_covered": 100.0, "percent_covered_display": "100", "missing_lines": 0, "excluded_lines": 0}, "missing_lines": [], "excluded_lines": []}, "": {"executed_lines": [1, 8, 9, 10, 11, 12, 13, 14, 16, 19, 20, 22, 23, 24, 25, 26, 27, 28, 31, 32, 34, 35, 36, 37, 38, 39, 40, 41, 45, 46, 49, 52, 53, 54, 57, 60, 61, 62, 63, 66, 69, 70, 71, 75, 76, 79, 86, 91, 96, 101, 108, 115, 118, 119, 120, 123, 126, 131, 136, 141, 148, 155, 156, 157, 160, 165, 173, 174, 177, 180, 181, 182, 185, 188, 189, 190, 193, 196, 197, 198, 199, 200, 204, 205, 208, 215, 218, 219, 220, 223, 226, 231, 236, 243, 246, 247, 248, 249, 250, 253, 258, 266, 267, 270, 271, 272, 275, 276, 277, 280, 281, 284, 285, 286, 290, 291, 293, 294, 295, 296, 297, 298, 299, 302, 303, 305, 306, 307, 308, 309, 310], "summary": {"covered_lines": 120, "num_statements": 120, "percent_covered": 100.0, "percent_covered_display": "100", "missing_lines": 0, "excluded_lines": 0}, "missing_lines": [], "excluded_lines": []}}}, "workflow_core_sdk/db/models/messages.py": {"executed_lines": [1, 5, 6, 7, 8, 9, 12, 15, 16, 18, 21, 22, 25, 26, 27, 30, 31, 34], "summary": {"covered_lines": 16, "num_statements": 16, "percent_covered": 100.0, "percent_covered_display": "100", "missing_lines": 0, "excluded_lines": 0}, "missing_lines": [], "excluded_lines": [], "functions": {"": {"executed_lines": [1, 5, 6, 7, 8, 9, 12, 15, 16, 18, 21, 22, 25, 26, 27, 30, 31, 34], "summary": {"covered_lines": 16, "num_statements": 16, "percent_covered": 100.0, "percent_covered_display": "100", "missing_lines": 0, "excluded_lines": 0}, "missing_lines": [], "excluded_lines": []}}, "classes": {"AgentMessage": {"executed_lines": [], "summary": {"covered_lines": 0, "num_statements": 0, "percent_covered": 100.0, "percent_covered_display": "100", "missing_lines": 0, "excluded_lines": 0}, "missing_lines": [], "excluded_lines": []}, "": {"executed_lines": [1, 5, 6, 7, 8, 9, 12, 15, 16, 18, 21, 22, 25, 26, 27, 30, 31, 34], "summary": {"covered_lines": 16, "num_statements": 16, "percent_covered": 100.0, "percent_covered_display": "100", "missing_lines": 0, "excluded_lines": 0}, "missing_lines": [], "excluded_lines": []}}}, "workflow_core_sdk/db/models/prompts.py": {"executed_lines": [1, 5, 6, 7, 8, 9, 10, 12, 15, 16, 17, 18, 19, 20, 21, 22, 23, 24, 25, 26, 29, 30, 33, 34, 35, 36, 37, 38, 39, 40, 41, 42, 45, 46, 47, 48, 51, 52, 57, 58, 59, 60, 61, 62, 64, 65, 66, 68, 69, 71, 75], "summary": {"covered_lines": 50, "num_statements": 50, "percent_covered": 100.0, "percent_covered_display": "100", "missing_lines": 0, "excluded_lines": 0}, "missing_lines": [], "excluded_lines": [], "functions": {"": {"executed_lines": [1, 5, 6, 7, 8, 9, 10, 12, 15, 16, 17, 18, 19, 20, 21, 22, 23, 24, 25, 26, 29, 30, 33, 34, 35, 36, 37, 38, 39, 40, 41, 42, 45, 46, 47, 48, 51, 52, 57, 58, 59, 60, 61, 62, 64, 65, 66, 68, 69, 71, 75], "summary": {"covered_lines": 50, "num_statements": 50, "percent_covered": 100.0, "percent_covered_display": "100", "missing_lines": 0, "excluded_lines": 0}, "missing_lines": [], "excluded_lines": []}}, "classes": {"PromptBase": {"executed_lines": [], "summary": {"covered_lines": 0, "num_statements": 0, "percent_covered": 100.0, "percent_covered_display": "100", "missing_lines": 0, "excluded_lines": 0}, "missing_lines": [], "excluded_lines": []}, "PromptCreate": {"executed_lines": [], "summary": {"covered_lines": 0, "num_statements": 0, "percent_covered": 100.0, "percent_covered_display": "100", "missing_lines": 0, "excluded_lines": 0}, "missing_lines": [], "excluded_lines": []}, "PromptUpdate": {"executed_lines": [], "summary": {"covered_lines": 0, "num_statements": 0, "percent_covered": 100.0, "percent_covered_display": "100", "missing_lines": 0, "excluded_lines": 0}, "missing_lines": [], "excluded_lines": []}, "PromptRead": {"executed_lines": [], "summary": {"covered_lines": 0, "num_statements": 0, "percent_covered": 100.0, "percent_covered_display": "100", "missing_lines": 0, "excluded_lines": 0}, "missing_lines": [], "excluded_lines": []}, "Prompt": {"executed_lines": [], "summary": {"covered_lines": 0, "num_statements": 0, "percent_covered": 100.0, "percent_covered_display": "100", "missing_lines": 0, "excluded_lines": 0}, "missing_lines": [], "excluded_lines": []}, "": {"executed_lines": [1, 5, 6, 7, 8, 9, 10, 12, 15, 16, 17, 18, 19, 20, 21, 22, 23, 24, 25, 26, 29, 30, 33, 34, 35, 36, 37, 38, 39, 40, 41, 42, 45, 46, 47, 48, 51, 52, 57, 58, 59, 60, 61, 62, 64, 65, 66, 68, 69, 71, 75], "summary": {"covered_lines": 50, "num_statements": 50, "percent_covered": 100.0, "percent_covered_display": "100", "missing_lines": 0, "excluded_lines": 0}, "missing_lines": [], "excluded_lines": []}}}, "workflow_core_sdk/db/models/step_registry.py": {"executed_lines": [1, 7, 8, 9, 10, 11, 13, 16, 17, 19, 20, 21, 22, 25, 26, 28, 29, 30, 31, 32, 33, 37, 38, 40, 41, 42, 48, 50, 52, 54, 60, 66, 72, 78, 80, 82, 84, 86, 93, 94, 95, 99, 100, 105, 107, 111, 112, 114, 117, 118, 120, 121, 122, 123, 124, 127, 128, 130, 131, 132, 133, 134, 135, 136, 137, 138, 139, 140, 141, 142, 143, 146, 147, 149, 150, 151, 152, 153, 154, 155, 156, 157, 158, 161, 162, 163, 164], "summary": {"covered_lines": 78, "num_statements": 78, "percent_covered": 100.0, "percent_covered_display": "100", "missing_lines": 0, "excluded_lines": 0}, "missing_lines": [], "excluded_lines": [], "functions": {"": {"executed_lines": [1, 7, 8, 9, 10, 11, 13, 16, 17, 19, 20, 21, 22, 25, 26, 28, 29, 30, 31, 32, 33, 37, 38, 40, 41, 42, 48, 50, 52, 54, 60, 66, 72, 78, 80, 82, 84, 86, 93, 94, 95, 99, 100, 105, 107, 111, 112, 114, 117, 118, 120, 121, 122, 123, 124, 127, 128, 130, 131, 132, 133, 134, 135, 136, 137, 138, 139, 140, 141, 142, 143, 146, 147, 149, 150, 151, 152, 153, 154, 155, 156, 157, 158, 161, 162, 163, 164], "summary": {"covered_lines": 78, "num_statements": 78, "percent_covered": 100.0, "percent_covered_display": "100", "missing_lines": 0, "excluded_lines": 0}, "missing_lines": [], "excluded_lines": []}}, "classes": {"ExecutionType": {"executed_lines": [], "summary": {"covered_lines": 0, "num_statements": 0, "percent_covered": 100.0, "percent_covered_display": "100", "missing_lines": 0, "excluded_lines": 0}, "missing_lines": [], "excluded_lines": []}, "StepCategory": {"executed_lines": [], "summary": {"covered_lines": 0, "num_statements": 0, "percent_covered": 100.0, "percent_covered_display": "100", "missing_lines": 0, "excluded_lines": 0}, "missing_lines": [], "excluded_lines": []}, "StepTypeBase": {"executed_lines": [], "summary": {"covered_lines": 0, "num_statements": 0, "percent_covered": 100.0, "percent_covered_display": "100", "missing_lines": 0, "excluded_lines": 0}, "missing_lines": [], "excluded_lines": []}, "StepType": {"executed_lines": [], "summary": {"covered_lines": 0, "num_statements": 0, "percent_covered": 100.0, "percent_covered_display": "100", "missing_lines": 0, "excluded_lines": 0}, "missing_lines": [], "excluded_lines": []}, "StepTypeCreate": {"executed_lines": [], "summary": {"covered_lines": 0, "num_statements": 0, "percent_covered": 100.0, "percent_covered_display": "100", "missing_lines": 0, "excluded_lines": 0}, "missing_lines": [], "excluded_lines": []}, "StepTypeRead": {"executed_lines": [], "summary": {"covered_lines": 0, "num_statements": 0, "percent_covered": 100.0, "percent_covered_display": "100", "missing_lines": 0, "excluded_lines": 0}, "missing_lines": [], "excluded_lines": []}, "StepTypeUpdate": {"executed_lines": [], "summary": {"covered_lines": 0, "num_statements": 0, "percent_covered": 100.0, "percent_covered_display": "100", "missing_lines": 0, "excluded_lines": 0}, "missing_lines": [], "excluded_lines": []}, "StepTypeSummary": {"executed_lines": [], "summary": {"covered_lines": 0, "num_statements": 0, "percent_covered": 100.0, "percent_covered_display": "100", "missing_lines": 0, "excluded_lines": 0}, "missing_lines": [], "excluded_lines": []}, "": {"executed_lines": [1, 7, 8, 9, 10, 11, 13, 16, 17, 19, 20, 21, 22, 25, 26, 28, 29, 30, 31, 32, 33, 37, 38, 40, 41, 42, 48, 50, 52, 54, 60, 66, 72, 78, 80, 82, 84, 86, 93, 94, 95, 99, 100, 105, 107, 111, 112, 114, 117, 118, 120, 121, 122, 123, 124, 127, 128, 130, 131, 132, 133, 134, 135, 136, 137, 138, 139, 140, 141, 142, 143, 146, 147, 149, 150, 151, 152, 153, 154, 155, 156, 157, 158, 161, 162, 163, 164], "summary": {"covered_lines": 78, "num_statements": 78, "percent_covered": 100.0, "percent_covered_display": "100", "missing_lines": 0, "excluded_lines": 0}, "missing_lines": [], "excluded_lines": []}}}, "workflow_core_sdk/db/models/tools.py": {"executed_lines": [1, 5, 6, 7, 8, 9, 11, 15, 16, 17, 18, 19, 20, 23, 24, 27, 28, 29, 30, 31, 32, 35, 36, 37, 38, 41, 42, 43, 44, 45, 46, 47, 49, 53, 57, 58, 59, 60, 61, 62, 63, 64, 65, 66, 67, 68, 69, 72, 73, 76, 77, 78, 79, 80, 81, 82, 83, 84, 85, 86, 87, 88, 91, 92, 93, 94, 95, 96, 97, 98, 101, 102, 103, 104, 106, 107, 108, 109, 111, 112, 113, 115, 116, 117, 119, 120, 121, 123, 127, 128, 135, 136, 137, 138, 139, 140, 141, 142, 143, 144, 145, 146, 147, 148, 149, 150, 151, 152, 153, 154, 155, 158, 159, 162, 163, 164, 165, 166, 167, 168, 169, 170, 171, 172, 173, 174, 175, 176, 177, 178, 179, 180, 181, 182, 183, 184, 187, 188, 189, 190, 191, 192, 193, 194, 196, 197, 200, 201, 202, 203, 204, 205, 206, 207, 208, 209, 210, 211, 212, 213, 214, 215, 216, 217, 218, 219, 220, 221, 223, 224, 225, 226, 228, 232], "summary": {"covered_lines": 173, "num_statements": 173, "percent_covered": 100.0, "percent_covered_display": "100", "missing_lines": 0, "excluded_lines": 0}, "missing_lines": [], "excluded_lines": [], "functions": {"": {"executed_lines": [1, 5, 6, 7, 8, 9, 11, 15, 16, 17, 18, 19, 20, 23, 24, 27, 28, 29, 30, 31, 32, 35, 36, 37, 38, 41, 42, 43, 44, 45, 46, 47, 49, 53, 57, 58, 59, 60, 61, 62, 63, 64, 65, 66, 67, 68, 69, 72, 73, 76, 77, 78, 79, 80, 81, 82, 83, 84, 85, 86, 87, 88, 91, 92, 93, 94, 95, 96, 97, 98, 101, 102, 103, 104, 106, 107, 108, 109, 111, 112, 113, 115, 116, 117, 119, 120, 121, 123, 127, 128, 135, 136, 137, 138, 139, 140, 141, 142, 143, 144, 145, 146, 147, 148, 149, 150, 151, 152, 153, 154, 155, 158, 159, 162, 163, 164, 165, 166, 167, 168, 169, 170, 171, 172, 173, 174, 175, 176, 177, 178, 179, 180, 181, 182, 183, 184, 187, 188, 189, 190, 191, 192, 193, 194, 196, 197, 200, 201, 202, 203, 204, 205, 206, 207, 208, 209, 210, 211, 212, 213, 214, 215, 216, 217, 218, 219, 220, 221, 223, 224, 225, 226, 228, 232], "summary": {"covered_lines": 173, "num_statements": 173, "percent_covered": 100.0, "percent_covered_display": "100", "missing_lines": 0, "excluded_lines": 0}, "missing_lines": [], "excluded_lines": []}}, "classes": {"ToolCategoryBase": {"executed_lines": [], "summary": {"covered_lines": 0, "num_statements": 0, "percent_covered": 100.0, "percent_covered_display": "100", "missing_lines": 0, "excluded_lines": 0}, "missing_lines": [], "excluded_lines": []}, "ToolCategoryCreate": {"executed_lines": [], "summary": {"covered_lines": 0, "num_statements": 0, "percent_covered": 100.0, "percent_covered_display": "100", "missing_lines": 0, "excluded_lines": 0}, "missing_lines": [], "excluded_lines": []}, "ToolCategoryUpdate": {"executed_lines": [], "summary": {"covered_lines": 0, "num_statements": 0, "percent_covered": 100.0, "percent_covered_display": "100", "missing_lines": 0, "excluded_lines": 0}, "missing_lines": [], "excluded_lines": []}, "ToolCategoryRead": {"executed_lines": [], "summary": {"covered_lines": 0, "num_statements": 0, "percent_covered": 100.0, "percent_covered_display": "100", "missing_lines": 0, "excluded_lines": 0}, "missing_lines": [], "excluded_lines": []}, "ToolCategory": {"executed_lines": [], "summary": {"covered_lines": 0, "num_statements": 0, "percent_covered": 100.0, "percent_covered_display": "100", "missing_lines": 0, "excluded_lines": 0}, "missing_lines": [], "excluded_lines": []}, "MCPServerBase": {"executed_lines": [], "summary": {"covered_lines": 0, "num_statements": 0, "percent_covered": 100.0, "percent_covered_display": "100", "missing_lines": 0, "excluded_lines": 0}, "missing_lines": [], "excluded_lines": []}, "MCPServerCreate": {"executed_lines": [], "summary": {"covered_lines": 0, "num_statements": 0, "percent_covered": 100.0, "percent_covered_display": "100", "missing_lines": 0, "excluded_lines": 0}, "missing_lines": [], "excluded_lines": []}, "MCPServerUpdate": {"executed_lines": [], "summary": {"covered_lines": 0, "num_statements": 0, "percent_covered": 100.0, "percent_covered_display": "100", "missing_lines": 0, "excluded_lines": 0}, "missing_lines": [], "excluded_lines": []}, "MCPServerRead": {"executed_lines": [], "summary": {"covered_lines": 0, "num_statements": 0, "percent_covered": 100.0, "percent_covered_display": "100", "missing_lines": 0, "excluded_lines": 0}, "missing_lines": [], "excluded_lines": []}, "MCPServer": {"executed_lines": [], "summary": {"covered_lines": 0, "num_statements": 0, "percent_covered": 100.0, "percent_covered_display": "100", "missing_lines": 0, "excluded_lines": 0}, "missing_lines": [], "excluded_lines": []}, "ToolBase": {"executed_lines": [], "summary": {"covered_lines": 0, "num_statements": 0, "percent_covered": 100.0, "percent_covered_display": "100", "missing_lines": 0, "excluded_lines": 0}, "missing_lines": [], "excluded_lines": []}, "ToolCreate": {"executed_lines": [], "summary": {"covered_lines": 0, "num_statements": 0, "percent_covered": 100.0, "percent_covered_display": "100", "missing_lines": 0, "excluded_lines": 0}, "missing_lines": [], "excluded_lines": []}, "ToolUpdate": {"executed_lines": [], "summary": {"covered_lines": 0, "num_statements": 0, "percent_covered": 100.0, "percent_covered_display": "100", "missing_lines": 0, "excluded_lines": 0}, "missing_lines": [], "excluded_lines": []}, "ToolRead": {"executed_lines": [], "summary": {"covered_lines": 0, "num_statements": 0, "percent_covered": 100.0, "percent_covered_display": "100", "missing_lines": 0, "excluded_lines": 0}, "missing_lines": [], "excluded_lines": []}, "Tool": {"executed_lines": [], "summary": {"covered_lines": 0, "num_statements": 0, "percent_covered": 100.0, "percent_covered_display": "100", "missing_lines": 0, "excluded_lines": 0}, "missing_lines": [], "excluded_lines": []}, "": {"executed_lines": [1, 5, 6, 7, 8, 9, 11, 15, 16, 17, 18, 19, 20, 23, 24, 27, 28, 29, 30, 31, 32, 35, 36, 37, 38, 41, 42, 43, 44, 45, 46, 47, 49, 53, 57, 58, 59, 60, 61, 62, 63, 64, 65, 66, 67, 68, 69, 72, 73, 76, 77, 78, 79, 80, 81, 82, 83, 84, 85, 86, 87, 88, 91, 92, 93, 94, 95, 96, 97, 98, 101, 102, 103, 104, 106, 107, 108, 109, 111, 112, 113, 115, 116, 117, 119, 120, 121, 123, 127, 128, 135, 136, 137, 138, 139, 140, 141, 142, 143, 144, 145, 146, 147, 148, 149, 150, 151, 152, 153, 154, 155, 158, 159, 162, 163, 164, 165, 166, 167, 168, 169, 170, 171, 172, 173, 174, 175, 176, 177, 178, 179, 180, 181, 182, 183, 184, 187, 188, 189, 190, 191, 192, 193, 194, 196, 197, 200, 201, 202, 203, 204, 205, 206, 207, 208, 209, 210, 211, 212, 213, 214, 215, 216, 217, 218, 219, 220, 221, 223, 224, 225, 226, 228, 232], "summary": {"covered_lines": 173, "num_statements": 173, "percent_covered": 100.0, "percent_covered_display": "100", "missing_lines": 0, "excluded_lines": 0}, "missing_lines": [], "excluded_lines": []}}}, "workflow_core_sdk/db/models/workflows.py": {"executed_lines": [1, 7, 8, 9, 10, 11, 12, 13, 15, 18, 19, 21, 22, 23, 24, 27, 28, 30, 31, 32, 35, 36, 38, 39, 43, 44, 46, 47, 48, 50, 55, 61, 67, 73, 75, 77, 81, 82, 85, 92, 93, 94, 96, 101, 107, 113, 119, 121, 123, 126, 131, 141, 142, 144, 147, 148, 150, 151, 152, 155, 156, 157, 160, 161, 163, 164, 165, 166, 167, 168, 169, 170, 171, 174, 175, 177, 178, 179, 180, 181, 182, 183, 184, 185, 188, 189, 190, 191], "summary": {"covered_lines": 78, "num_statements": 78, "percent_covered": 100.0, "percent_covered_display": "100", "missing_lines": 0, "excluded_lines": 0}, "missing_lines": [], "excluded_lines": [], "functions": {"": {"executed_lines": [1, 7, 8, 9, 10, 11, 12, 13, 15, 18, 19, 21, 22, 23, 24, 27, 28, 30, 31, 32, 35, 36, 38, 39, 43, 44, 46, 47, 48, 50, 55, 61, 67, 73, 75, 77, 81, 82, 85, 92, 93, 94, 96, 101, 107, 113, 119, 121, 123, 126, 131, 141, 142, 144, 147, 148, 150, 151, 152, 155, 156, 157, 160, 161, 163, 164, 165, 166, 167, 168, 169, 170, 171, 174, 175, 177, 178, 179, 180, 181, 182, 183, 184, 185, 188, 189, 190, 191], "summary": {"covered_lines": 78, "num_statements": 78, "percent_covered": 100.0, "percent_covered_display": "100", "missing_lines": 0, "excluded_lines": 0}, "missing_lines": [], "excluded_lines": []}}, "classes": {"WorkflowStatus": {"executed_lines": [], "summary": {"covered_lines": 0, "num_statements": 0, "percent_covered": 100.0, "percent_covered_display": "100", "missing_lines": 0, "excluded_lines": 0}, "missing_lines": [], "excluded_lines": []}, "ExecutionPattern": {"executed_lines": [], "summary": {"covered_lines": 0, "num_statements": 0, "percent_covered": 100.0, "percent_covered_display": "100", "missing_lines": 0, "excluded_lines": 0}, "missing_lines": [], "excluded_lines": []}, "ExecutionBackend": {"executed_lines": [], "summary": {"covered_lines": 0, "num_statements": 0, "percent_covered": 100.0, "percent_covered_display": "100", "missing_lines": 0, "excluded_lines": 0}, "missing_lines": [], "excluded_lines": []}, "WorkflowBase": {"executed_lines": [], "summary": {"covered_lines": 0, "num_statements": 0, "percent_covered": 100.0, "percent_covered_display": "100", "missing_lines": 0, "excluded_lines": 0}, "missing_lines": [], "excluded_lines": []}, "Workflow": {"executed_lines": [], "summary": {"covered_lines": 0, "num_statements": 0, "percent_covered": 100.0, "percent_covered_display": "100", "missing_lines": 0, "excluded_lines": 0}, "missing_lines": [], "excluded_lines": []}, "WorkflowCreate": {"executed_lines": [], "summary": {"covered_lines": 0, "num_statements": 0, "percent_covered": 100.0, "percent_covered_display": "100", "missing_lines": 0, "excluded_lines": 0}, "missing_lines": [], "excluded_lines": []}, "WorkflowRead": {"executed_lines": [], "summary": {"covered_lines": 0, "num_statements": 0, "percent_covered": 100.0, "percent_covered_display": "100", "missing_lines": 0, "excluded_lines": 0}, "missing_lines": [], "excluded_lines": []}, "WorkflowUpdate": {"executed_lines": [], "summary": {"covered_lines": 0, "num_statements": 0, "percent_covered": 100.0, "percent_covered_display": "100", "missing_lines": 0, "excluded_lines": 0}, "missing_lines": [], "excluded_lines": []}, "WorkflowSummary": {"executed_lines": [], "summary": {"covered_lines": 0, "num_statements": 0, "percent_covered": 100.0, "percent_covered_display": "100", "missing_lines": 0, "excluded_lines": 0}, "missing_lines": [], "excluded_lines": []}, "": {"executed_lines": [1, 7, 8, 9, 10, 11, 12, 13, 15, 18, 19, 21, 22, 23, 24, 27, 28, 30, 31, 32, 35, 36, 38, 39, 43, 44, 46, 47, 48, 50, 55, 61, 67, 73, 75, 77, 81, 82, 85, 92, 93, 94, 96, 101, 107, 113, 119, 121, 123, 126, 131, 141, 142, 144, 147, 148, 150, 151, 152, 155, 156, 157, 160, 161, 163, 164, 165, 166, 167, 168, 169, 170, 171, 174, 175, 177, 178, 179, 180, 181, 182, 183, 184, 185, 188, 189, 190, 191], "summary": {"covered_lines": 78, "num_statements": 78, "percent_covered": 100.0, "percent_covered_display": "100", "missing_lines": 0, "excluded_lines": 0}, "missing_lines": [], "excluded_lines": []}}}, "workflow_core_sdk/db/service.py": {"executed_lines": [1, 8, 9, 10, 11, 13, 23, 24, 26, 28, 31, 71, 77, 94, 105, 124, 151, 168, 203, 225, 229, 232, 248, 252, 270, 271, 284, 295, 313, 350, 389, 410, 432, 460], "summary": {"covered_lines": 32, "num_statements": 186, "percent_covered": 17.204301075268816, "percent_covered_display": "17", "missing_lines": 154, "excluded_lines": 0}, "missing_lines": [34, 36, 38, 40, 41, 42, 43, 45, 46, 47, 48, 49, 50, 54, 66, 68, 69, 73, 74, 75, 79, 81, 96, 97, 98, 99, 100, 101, 102, 107, 118, 119, 120, 122, 126, 130, 131, 133, 153, 157, 158, 160, 161, 162, 164, 165, 166, 177, 179, 180, 181, 182, 183, 184, 186, 188, 207, 208, 209, 210, 211, 213, 214, 215, 218, 219, 220, 221, 222, 226, 227, 230, 233, 243, 244, 245, 246, 249, 250, 260, 261, 262, 263, 264, 265, 266, 267, 279, 280, 281, 282, 285, 286, 287, 288, 289, 290, 291, 292, 293, 296, 297, 298, 299, 321, 323, 324, 325, 326, 327, 328, 329, 330, 331, 332, 333, 348, 353, 355, 357, 358, 359, 360, 361, 364, 381, 382, 383, 384, 386, 387, 391, 392, 393, 394, 412, 413, 414, 416, 417, 444, 446, 455, 456, 457, 458, 469, 470, 472, 473, 474, 475, 476, 477], "excluded_lines": [], "functions": {"DatabaseService.__init__": {"executed_lines": [28], "summary": {"covered_lines": 1, "num_statements": 1, "percent_covered": 100.0, "percent_covered_display": "100", "missing_lines": 0, "excluded_lines": 0}, "missing_lines": [], "excluded_lines": []}, "DatabaseService.save_workflow": {"executed_lines": [], "summary": {"covered_lines": 0, "num_statements": 17, "percent_covered": 0.0, "percent_covered_display": "0", "missing_lines": 17, "excluded_lines": 0}, "missing_lines": [34, 36, 38, 40, 41, 42, 43, 45, 46, 47, 48, 49, 50, 54, 66, 68, 69], "excluded_lines": []}, "DatabaseService.get_workflow": {"executed_lines": [], "summary": {"covered_lines": 0, "num_statements": 3, "percent_covered": 0.0, "percent_covered_display": "0", "missing_lines": 3, "excluded_lines": 0}, "missing_lines": [73, 74, 75], "excluded_lines": []}, "DatabaseService.list_workflows": {"executed_lines": [], "summary": {"covered_lines": 0, "num_statements": 2, "percent_covered": 0.0, "percent_covered_display": "0", "missing_lines": 2, "excluded_lines": 0}, "missing_lines": [79, 81], "excluded_lines": []}, "DatabaseService.delete_workflow": {"executed_lines": [], "summary": {"covered_lines": 0, "num_statements": 7, "percent_covered": 0.0, "percent_covered_display": "0", "missing_lines": 7, "excluded_lines": 0}, "missing_lines": [96, 97, 98, 99, 100, 101, 102], "excluded_lines": []}, "DatabaseService.create_execution": {"executed_lines": [], "summary": {"covered_lines": 0, "num_statements": 5, "percent_covered": 0.0, "percent_covered_display": "0", "missing_lines": 5, "excluded_lines": 0}, "missing_lines": [107, 118, 119, 120, 122], "excluded_lines": []}, "DatabaseService.get_execution": {"executed_lines": [], "summary": {"covered_lines": 0, "num_statements": 4, "percent_covered": 0.0, "percent_covered_display": "0", "missing_lines": 4, "excluded_lines": 0}, "missing_lines": [126, 130, 131, 133], "excluded_lines": []}, "DatabaseService.update_execution": {"executed_lines": [], "summary": {"covered_lines": 0, "num_statements": 9, "percent_covered": 0.0, "percent_covered_display": "0", "missing_lines": 9, "excluded_lines": 0}, "missing_lines": [153, 157, 158, 160, 161, 162, 164, 165, 166], "excluded_lines": []}, "DatabaseService.list_executions": {"executed_lines": [], "summary": {"covered_lines": 0, "num_statements": 9, "percent_covered": 0.0, "percent_covered_display": "0", "missing_lines": 9, "excluded_lines": 0}, "missing_lines": [177, 179, 180, 181, 182, 183, 184, 186, 188], "excluded_lines": []}, "DatabaseService.rekey_execution": {"executed_lines": [], "summary": {"covered_lines": 0, "num_statements": 13, "percent_covered": 0.0, "percent_covered_display": "0", "missing_lines": 13, "excluded_lines": 0}, "missing_lines": [207, 208, 209, 210, 211, 213, 214, 215, 218, 219, 220, 221, 222], "excluded_lines": []}, "DatabaseService.get_workflow_entity": {"executed_lines": [], "summary": {"covered_lines": 0, "num_statements": 2, "percent_covered": 0.0, "percent_covered_display": "0", "missing_lines": 2, "excluded_lines": 0}, "missing_lines": [226, 227], "excluded_lines": []}, "DatabaseService.list_workflow_entities": {"executed_lines": [], "summary": {"covered_lines": 0, "num_statements": 1, "percent_covered": 0.0, "percent_covered_display": "0", "missing_lines": 1, "excluded_lines": 0}, "missing_lines": [230], "excluded_lines": []}, "DatabaseService.create_execution_entity": {"executed_lines": [], "summary": {"covered_lines": 0, "num_statements": 5, "percent_covered": 0.0, "percent_covered_display": "0", "missing_lines": 5, "excluded_lines": 0}, "missing_lines": [233, 243, 244, 245, 246], "excluded_lines": []}, "DatabaseService.get_execution_entity": {"executed_lines": [], "summary": {"covered_lines": 0, "num_statements": 2, "percent_covered": 0.0, "percent_covered_display": "0", "missing_lines": 2, "excluded_lines": 0}, "missing_lines": [249, 250], "excluded_lines": []}, "DatabaseService.list_execution_entities": {"executed_lines": [], "summary": {"covered_lines": 0, "num_statements": 8, "percent_covered": 0.0, "percent_covered_display": "0", "missing_lines": 8, "excluded_lines": 0}, "missing_lines": [260, 261, 262, 263, 264, 265, 266, 267], "excluded_lines": []}, "DatabaseService.create_approval_request": {"executed_lines": [271], "summary": {"covered_lines": 1, "num_statements": 5, "percent_covered": 20.0, "percent_covered_display": "20", "missing_lines": 4, "excluded_lines": 0}, "missing_lines": [279, 280, 281, 282], "excluded_lines": []}, "DatabaseService.update_approval_request": {"executed_lines": [], "summary": {"covered_lines": 0, "num_statements": 9, "percent_covered": 0.0, "percent_covered_display": "0", "missing_lines": 9, "excluded_lines": 0}, "missing_lines": [285, 286, 287, 288, 289, 290, 291, 292, 293], "excluded_lines": []}, "DatabaseService.get_approval_request": {"executed_lines": [], "summary": {"covered_lines": 0, "num_statements": 4, "percent_covered": 0.0, "percent_covered_display": "0", "missing_lines": 4, "excluded_lines": 0}, "missing_lines": [296, 297, 298, 299], "excluded_lines": []}, "DatabaseService.list_approval_requests": {"executed_lines": [], "summary": {"covered_lines": 0, "num_statements": 13, "percent_covered": 0.0, "percent_covered_display": "0", "missing_lines": 13, "excluded_lines": 0}, "missing_lines": [321, 323, 324, 325, 326, 327, 328, 329, 330, 331, 332, 333, 348], "excluded_lines": []}, "DatabaseService.register_step_type": {"executed_lines": [], "summary": {"covered_lines": 0, "num_statements": 14, "percent_covered": 0.0, "percent_covered_display": "0", "missing_lines": 14, "excluded_lines": 0}, "missing_lines": [353, 355, 357, 358, 359, 360, 361, 364, 381, 382, 383, 384, 386, 387], "excluded_lines": []}, "DatabaseService.get_step_type": {"executed_lines": [], "summary": {"covered_lines": 0, "num_statements": 4, "percent_covered": 0.0, "percent_covered_display": "0", "missing_lines": 4, "excluded_lines": 0}, "missing_lines": [391, 392, 393, 394], "excluded_lines": []}, "DatabaseService.list_step_types": {"executed_lines": [], "summary": {"covered_lines": 0, "num_statements": 5, "percent_covered": 0.0, "percent_covered_display": "0", "missing_lines": 5, "excluded_lines": 0}, "missing_lines": [412, 413, 414, 416, 417], "excluded_lines": []}, "DatabaseService.create_agent_message": {"executed_lines": [], "summary": {"covered_lines": 0, "num_statements": 6, "percent_covered": 0.0, "percent_covered_display": "0", "missing_lines": 6, "excluded_lines": 0}, "missing_lines": [444, 446, 455, 456, 457, 458], "excluded_lines": []}, "DatabaseService.list_agent_messages": {"executed_lines": [], "summary": {"covered_lines": 0, "num_statements": 8, "percent_covered": 0.0, "percent_covered_display": "0", "missing_lines": 8, "excluded_lines": 0}, "missing_lines": [469, 470, 472, 473, 474, 475, 476, 477], "excluded_lines": []}, "": {"executed_lines": [1, 8, 9, 10, 11, 13, 23, 24, 26, 31, 71, 77, 94, 105, 124, 151, 168, 203, 225, 229, 232, 248, 252, 270, 284, 295, 313, 350, 389, 410, 432, 460], "summary": {"covered_lines": 30, "num_statements": 30, "percent_covered": 100.0, "percent_covered_display": "100", "missing_lines": 0, "excluded_lines": 0}, "missing_lines": [], "excluded_lines": []}}, "classes": {"DatabaseService": {"executed_lines": [28, 271], "summary": {"covered_lines": 2, "num_statements": 156, "percent_covered": 1.2820512820512822, "percent_covered_display": "1", "missing_lines": 154, "excluded_lines": 0}, "missing_lines": [34, 36, 38, 40, 41, 42, 43, 45, 46, 47, 48, 49, 50, 54, 66, 68, 69, 73, 74, 75, 79, 81, 96, 97, 98, 99, 100, 101, 102, 107, 118, 119, 120, 122, 126, 130, 131, 133, 153, 157, 158, 160, 161, 162, 164, 165, 166, 177, 179, 180, 181, 182, 183, 184, 186, 188, 207, 208, 209, 210, 211, 213, 214, 215, 218, 219, 220, 221, 222, 226, 227, 230, 233, 243, 244, 245, 246, 249, 250, 260, 261, 262, 263, 264, 265, 266, 267, 279, 280, 281, 282, 285, 286, 287, 288, 289, 290, 291, 292, 293, 296, 297, 298, 299, 321, 323, 324, 325, 326, 327, 328, 329, 330, 331, 332, 333, 348, 353, 355, 357, 358, 359, 360, 361, 364, 381, 382, 383, 384, 386, 387, 391, 392, 393, 394, 412, 413, 414, 416, 417, 444, 446, 455, 456, 457, 458, 469, 470, 472, 473, 474, 475, 476, 477], "excluded_lines": []}, "": {"executed_lines": [1, 8, 9, 10, 11, 13, 23, 24, 26, 31, 71, 77, 94, 105, 124, 151, 168, 203, 225, 229, 232, 248, 252, 270, 284, 295, 313, 350, 389, 410, 432, 460], "summary": {"covered_lines": 30, "num_statements": 30, "percent_covered": 100.0, "percent_covered_display": "100", "missing_lines": 0, "excluded_lines": 0}, "missing_lines": [], "excluded_lines": []}}}, "workflow_core_sdk/dbos_impl/__init__.py": {"executed_lines": [1, 22, 23, 24, 25, 26, 29, 31, 33, 37], "summary": {"covered_lines": 9, "num_statements": 9, "percent_covered": 100.0, "percent_covered_display": "100", "missing_lines": 0, "excluded_lines": 0}, "missing_lines": [], "excluded_lines": [], "functions": {"": {"executed_lines": [1, 22, 23, 24, 25, 26, 29, 31, 33, 37], "summary": {"covered_lines": 9, "num_statements": 9, "percent_covered": 100.0, "percent_covered_display": "100", "missing_lines": 0, "excluded_lines": 0}, "missing_lines": [], "excluded_lines": []}}, "classes": {"": {"executed_lines": [1, 22, 23, 24, 25, 26, 29, 31, 33, 37], "summary": {"covered_lines": 9, "num_statements": 9, "percent_covered": 100.0, "percent_covered_display": "100", "missing_lines": 0, "excluded_lines": 0}, "missing_lines": [], "excluded_lines": []}}}, "workflow_core_sdk/dbos_impl/adapter.py": {"executed_lines": [], "summary": {"covered_lines": 0, "num_statements": 157, "percent_covered": 0.0, "percent_covered_display": "0", "missing_lines": 157, "excluded_lines": 0}, "missing_lines": [1, 2, 3, 4, 5, 6, 7, 8, 9, 10, 11, 12, 13, 18, 21, 24, 35, 36, 37, 39, 40, 42, 44, 45, 47, 57, 60, 65, 67, 77, 86, 87, 89, 92, 102, 103, 104, 107, 109, 110, 111, 113, 114, 115, 117, 120, 123, 124, 128, 131, 133, 134, 135, 142, 143, 144, 151, 153, 161, 165, 168, 171, 172, 173, 176, 177, 178, 180, 182, 184, 185, 187, 194, 196, 198, 211, 213, 214, 223, 224, 225, 226, 227, 228, 229, 230, 246, 247, 248, 250, 252, 260, 262, 263, 264, 265, 266, 267, 268, 272, 278, 279, 280, 281, 282, 283, 284, 285, 288, 296, 297, 298, 299, 300, 301, 302, 303, 304, 305, 306, 307, 310, 311, 312, 313, 314, 315, 318, 319, 320, 321, 322, 324, 325, 328, 329, 331, 332, 333, 334, 335, 337, 339, 340, 341, 342, 343, 344, 345, 346, 347, 348, 349, 351, 353, 354, 358], "excluded_lines": [], "functions": {"DBOSWorkflowAdapter.__init__": {"executed_lines": [], "summary": {"covered_lines": 0, "num_statements": 4, "percent_covered": 0.0, "percent_covered_display": "0", "missing_lines": 4, "excluded_lines": 0}, "missing_lines": [36, 37, 39, 40], "excluded_lines": []}, "DBOSWorkflowAdapter.initialize": {"executed_lines": [], "summary": {"covered_lines": 0, "num_statements": 2, "percent_covered": 0.0, "percent_covered_display": "0", "missing_lines": 2, "excluded_lines": 0}, "missing_lines": [44, 45], "excluded_lines": []}, "DBOSWorkflowAdapter.execute_step_durable": {"executed_lines": [], "summary": {"covered_lines": 0, "num_statements": 4, "percent_covered": 0.0, "percent_covered_display": "0", "missing_lines": 4, "excluded_lines": 0}, "missing_lines": [57, 60, 65, 67], "excluded_lines": []}, "DBOSWorkflowAdapter.execute_workflow_durable": {"executed_lines": [], "summary": {"covered_lines": 0, "num_statements": 28, "percent_covered": 0.0, "percent_covered_display": "0", "missing_lines": 28, "excluded_lines": 0}, "missing_lines": [86, 87, 89, 92, 102, 103, 104, 107, 109, 110, 111, 113, 114, 115, 117, 120, 123, 124, 128, 131, 133, 134, 135, 142, 143, 144, 151, 153], "excluded_lines": []}, "DBOSWorkflowAdapter._prepare_step_input": {"executed_lines": [], "summary": {"covered_lines": 0, "num_statements": 9, "percent_covered": 0.0, "percent_covered_display": "0", "missing_lines": 9, "excluded_lines": 0}, "missing_lines": [165, 168, 171, 172, 173, 176, 177, 178, 180], "excluded_lines": []}, "DBOSWorkflowAdapter._reconstruct_execution_context": {"executed_lines": [], "summary": {"covered_lines": 0, "num_statements": 5, "percent_covered": 0.0, "percent_covered_display": "0", "missing_lines": 5, "excluded_lines": 0}, "missing_lines": [184, 185, 187, 194, 196], "excluded_lines": []}, "DBOSWorkflowAdapter.start_workflow": {"executed_lines": [], "summary": {"covered_lines": 0, "num_statements": 23, "percent_covered": 0.0, "percent_covered_display": "0", "missing_lines": 23, "excluded_lines": 0}, "missing_lines": [211, 213, 331, 332, 333, 334, 335, 337, 339, 340, 341, 342, 343, 344, 345, 346, 347, 348, 349, 351, 353, 354, 358], "excluded_lines": []}, "DBOSWorkflowAdapter.start_workflow._start_once": {"executed_lines": [], "summary": {"covered_lines": 0, "num_statements": 43, "percent_covered": 0.0, "percent_covered_display": "0", "missing_lines": 43, "excluded_lines": 0}, "missing_lines": [214, 223, 250, 252, 260, 262, 272, 278, 279, 280, 281, 282, 283, 284, 285, 288, 296, 297, 298, 299, 300, 301, 302, 303, 304, 305, 306, 307, 310, 311, 312, 313, 314, 315, 318, 319, 320, 321, 322, 324, 325, 328, 329], "excluded_lines": []}, "DBOSWorkflowAdapter.start_workflow._start_once._mk_dbos_meta": {"executed_lines": [], "summary": {"covered_lines": 0, "num_statements": 10, "percent_covered": 0.0, "percent_covered_display": "0", "missing_lines": 10, "excluded_lines": 0}, "missing_lines": [224, 225, 226, 227, 228, 229, 230, 246, 247, 248], "excluded_lines": []}, "DBOSWorkflowAdapter.start_workflow._start_once._attach_dbos": {"executed_lines": [], "summary": {"covered_lines": 0, "num_statements": 6, "percent_covered": 0.0, "percent_covered_display": "0", "missing_lines": 6, "excluded_lines": 0}, "missing_lines": [263, 264, 265, 266, 267, 268], "excluded_lines": []}, "": {"executed_lines": [], "summary": {"covered_lines": 0, "num_statements": 23, "percent_covered": 0.0, "percent_covered_display": "0", "missing_lines": 23, "excluded_lines": 0}, "missing_lines": [1, 2, 3, 4, 5, 6, 7, 8, 9, 10, 11, 12, 13, 18, 21, 24, 35, 42, 47, 77, 161, 182, 198], "excluded_lines": []}}, "classes": {"DBOSWorkflowAdapter": {"executed_lines": [], "summary": {"covered_lines": 0, "num_statements": 134, "percent_covered": 0.0, "percent_covered_display": "0", "missing_lines": 134, "excluded_lines": 0}, "missing_lines": [36, 37, 39, 40, 44, 45, 57, 60, 65, 67, 86, 87, 89, 92, 102, 103, 104, 107, 109, 110, 111, 113, 114, 115, 117, 120, 123, 124, 128, 131, 133, 134, 135, 142, 143, 144, 151, 153, 165, 168, 171, 172, 173, 176, 177, 178, 180, 184, 185, 187, 194, 196, 211, 213, 214, 223, 224, 225, 226, 227, 228, 229, 230, 246, 247, 248, 250, 252, 260, 262, 263, 264, 265, 266, 267, 268, 272, 278, 279, 280, 281, 282, 283, 284, 285, 288, 296, 297, 298, 299, 300, 301, 302, 303, 304, 305, 306, 307, 310, 311, 312, 313, 314, 315, 318, 319, 320, 321, 322, 324, 325, 328, 329, 331, 332, 333, 334, 335, 337, 339, 340, 341, 342, 343, 344, 345, 346, 347, 348, 349, 351, 353, 354, 358], "excluded_lines": []}, "": {"executed_lines": [], "summary": {"covered_lines": 0, "num_statements": 23, "percent_covered": 0.0, "percent_covered_display": "0", "missing_lines": 23, "excluded_lines": 0}, "missing_lines": [1, 2, 3, 4, 5, 6, 7, 8, 9, 10, 11, 12, 13, 18, 21, 24, 35, 42, 47, 77, 161, 182, 198], "excluded_lines": []}}}, "workflow_core_sdk/dbos_impl/messaging.py": {"executed_lines": [1, 3, 6, 9], "summary": {"covered_lines": 4, "num_statements": 6, "percent_covered": 66.66666666666667, "percent_covered_display": "67", "missing_lines": 2, "excluded_lines": 0}, "missing_lines": [14, 15], "excluded_lines": [], "functions": {"make_decision_topic": {"executed_lines": [], "summary": {"covered_lines": 0, "num_statements": 2, "percent_covered": 0.0, "percent_covered_display": "0", "missing_lines": 2, "excluded_lines": 0}, "missing_lines": [14, 15], "excluded_lines": []}, "": {"executed_lines": [1, 3, 6, 9], "summary": {"covered_lines": 4, "num_statements": 4, "percent_covered": 100.0, "percent_covered_display": "100", "missing_lines": 0, "excluded_lines": 0}, "missing_lines": [], "excluded_lines": []}}, "classes": {"": {"executed_lines": [1, 3, 6, 9], "summary": {"covered_lines": 4, "num_statements": 6, "percent_covered": 66.66666666666667, "percent_covered_display": "67", "missing_lines": 2, "excluded_lines": 0}, "missing_lines": [14, 15], "excluded_lines": []}}}, "workflow_core_sdk/dbos_impl/runtime.py": {"executed_lines": [1, 7, 9, 10, 11, 13, 15, 16, 18, 21], "summary": {"covered_lines": 9, "num_statements": 25, "percent_covered": 36.0, "percent_covered_display": "36", "missing_lines": 16, "excluded_lines": 0}, "missing_lines": [27, 29, 31, 32, 35, 36, 37, 39, 40, 41, 42, 43, 45, 46, 47, 49], "excluded_lines": [], "functions": {"get_dbos_adapter": {"executed_lines": [], "summary": {"covered_lines": 0, "num_statements": 16, "percent_covered": 0.0, "percent_covered_display": "0", "missing_lines": 16, "excluded_lines": 0}, "missing_lines": [27, 29, 31, 32, 35, 36, 37, 39, 40, 41, 42, 43, 45, 46, 47, 49], "excluded_lines": []}, "": {"executed_lines": [1, 7, 9, 10, 11, 13, 15, 16, 18, 21], "summary": {"covered_lines": 9, "num_statements": 9, "percent_covered": 100.0, "percent_covered_display": "100", "missing_lines": 0, "excluded_lines": 0}, "missing_lines": [], "excluded_lines": []}}, "classes": {"": {"executed_lines": [1, 7, 9, 10, 11, 13, 15, 16, 18, 21], "summary": {"covered_lines": 9, "num_statements": 25, "percent_covered": 36.0, "percent_covered_display": "36", "missing_lines": 16, "excluded_lines": 0}, "missing_lines": [27, 29, 31, 32, 35, 36, 37, 39, 40, 41, 42, 43, 45, 46, 47, 49], "excluded_lines": []}}}, "workflow_core_sdk/dbos_impl/steps.py": {"executed_lines": [1, 3, 4, 6, 8, 9, 10, 13, 14, 15, 16, 17, 18, 19, 20, 23, 24], "summary": {"covered_lines": 17, "num_statements": 32, "percent_covered": 53.125, "percent_covered_display": "53", "missing_lines": 15, "excluded_lines": 0}, "missing_lines": [30, 31, 32, 33, 34, 35, 36, 38, 39, 43, 48, 52, 53, 60, 62], "excluded_lines": [], "functions": {"dbos_execute_step_durable": {"executed_lines": [], "summary": {"covered_lines": 0, "num_statements": 15, "percent_covered": 0.0, "percent_covered_display": "0", "missing_lines": 15, "excluded_lines": 0}, "missing_lines": [30, 31, 32, 33, 34, 35, 36, 38, 39, 43, 48, 52, 53, 60, 62], "excluded_lines": []}, "": {"executed_lines": [1, 3, 4, 6, 8, 9, 10, 13, 14, 15, 16, 17, 18, 19, 20, 23, 24], "summary": {"covered_lines": 17, "num_statements": 17, "percent_covered": 100.0, "percent_covered_display": "100", "missing_lines": 0, "excluded_lines": 0}, "missing_lines": [], "excluded_lines": []}}, "classes": {"DBOSStepResult": {"executed_lines": [], "summary": {"covered_lines": 0, "num_statements": 0, "percent_covered": 100.0, "percent_covered_display": "100", "missing_lines": 0, "excluded_lines": 0}, "missing_lines": [], "excluded_lines": []}, "": {"executed_lines": [1, 3, 4, 6, 8, 9, 10, 13, 14, 15, 16, 17, 18, 19, 20, 23, 24], "summary": {"covered_lines": 17, "num_statements": 32, "percent_covered": 53.125, "percent_covered_display": "53", "missing_lines": 15, "excluded_lines": 0}, "missing_lines": [30, 31, 32, 33, 34, 35, 36, 38, 39, 43, 48, 52, 53, 60, 62], "excluded_lines": []}}}, "workflow_core_sdk/dbos_impl/workflows.py": {"executed_lines": [1, 3, 4, 5, 6, 7, 8, 10, 11, 13, 14, 15, 16, 17, 20, 23, 24, 25, 26, 27, 28, 29, 30, 31, 34, 35, 361], "summary": {"covered_lines": 27, "num_statements": 262, "percent_covered": 10.305343511450381, "percent_covered_display": "10", "missing_lines": 235, "excluded_lines": 0}, "missing_lines": [41, 42, 43, 44, 45, 48, 58, 59, 65, 66, 67, 69, 71, 72, 73, 74, 76, 77, 78, 79, 80, 81, 83, 84, 94, 95, 96, 97, 98, 99, 100, 102, 103, 104, 105, 106, 107, 109, 110, 112, 113, 116, 117, 118, 119, 120, 122, 124, 125, 126, 127, 128, 129, 130, 131, 132, 133, 135, 136, 137, 139, 140, 141, 143, 144, 145, 146, 147, 148, 149, 151, 152, 154, 155, 158, 159, 160, 161, 167, 168, 171, 173, 174, 182, 183, 184, 185, 188, 189, 192, 193, 195, 196, 201, 202, 203, 204, 207, 208, 214, 215, 216, 217, 220, 221, 222, 223, 225, 226, 227, 228, 230, 231, 232, 234, 237, 244, 245, 246, 248, 249, 250, 258, 259, 261, 262, 263, 267, 268, 269, 270, 271, 272, 275, 276, 277, 280, 281, 282, 283, 284, 285, 286, 288, 289, 291, 292, 295, 298, 299, 300, 301, 306, 307, 308, 309, 310, 316, 318, 319, 324, 325, 326, 327, 328, 336, 337, 344, 345, 346, 347, 349, 378, 379, 380, 382, 390, 391, 394, 395, 396, 397, 398, 399, 400, 403, 404, 405, 406, 407, 410, 412, 415, 416, 417, 418, 419, 422, 423, 424, 425, 426, 427, 428, 429, 430, 431, 433, 434, 435, 436, 439, 440, 441, 442, 443, 444, 445, 446, 447, 448, 450, 451, 453, 454, 455, 456, 457, 458, 460, 479, 485, 486, 488, 490], "excluded_lines": [], "functions": {"dbos_execute_workflow_durable": {"executed_lines": [], "summary": {"covered_lines": 0, "num_statements": 158, "percent_covered": 0.0, "percent_covered_display": "0", "missing_lines": 158, "excluded_lines": 0}, "missing_lines": [41, 42, 43, 44, 45, 48, 58, 59, 65, 66, 67, 69, 71, 72, 73, 74, 76, 77, 78, 79, 80, 81, 83, 84, 94, 95, 96, 97, 98, 99, 100, 102, 103, 104, 105, 106, 107, 109, 110, 112, 113, 116, 117, 118, 119, 120, 122, 124, 135, 143, 144, 145, 146, 147, 148, 149, 151, 152, 154, 155, 158, 159, 160, 161, 167, 168, 171, 173, 174, 182, 183, 184, 185, 188, 189, 192, 193, 195, 196, 201, 202, 203, 204, 207, 208, 214, 215, 216, 217, 220, 221, 222, 223, 225, 226, 227, 228, 230, 231, 232, 234, 237, 244, 245, 246, 248, 249, 250, 258, 259, 261, 262, 263, 267, 268, 269, 270, 271, 272, 275, 276, 277, 280, 281, 282, 283, 284, 285, 286, 288, 289, 291, 292, 295, 298, 299, 300, 301, 306, 307, 308, 309, 310, 316, 318, 319, 324, 325, 326, 327, 328, 336, 337, 344, 345, 346, 347, 349], "excluded_lines": []}, "dbos_execute_workflow_durable._prepare_step_input": {"executed_lines": [], "summary": {"covered_lines": 0, "num_statements": 9, "percent_covered": 0.0, "percent_covered_display": "0", "missing_lines": 9, "excluded_lines": 0}, "missing_lines": [125, 126, 127, 128, 129, 130, 131, 132, 133], "excluded_lines": []}, "dbos_execute_workflow_durable._slugify": {"executed_lines": [], "summary": {"covered_lines": 0, "num_statements": 5, "percent_covered": 0.0, "percent_covered_display": "0", "missing_lines": 5, "excluded_lines": 0}, "missing_lines": [136, 137, 139, 140, 141], "excluded_lines": []}, "execute_and_persist_dbos_result": {"executed_lines": [], "summary": {"covered_lines": 0, "num_statements": 63, "percent_covered": 0.0, "percent_covered_display": "0", "missing_lines": 63, "excluded_lines": 0}, "missing_lines": [378, 379, 380, 382, 390, 391, 394, 395, 396, 397, 398, 399, 400, 403, 404, 405, 406, 407, 410, 412, 415, 416, 417, 418, 419, 422, 423, 424, 425, 426, 427, 428, 429, 430, 431, 433, 434, 435, 436, 439, 440, 441, 442, 443, 444, 445, 446, 447, 448, 450, 451, 453, 454, 455, 456, 457, 458, 460, 479, 485, 486, 488, 490], "excluded_lines": []}, "": {"executed_lines": [1, 3, 4, 5, 6, 7, 8, 10, 11, 13, 14, 15, 16, 17, 20, 23, 24, 25, 26, 27, 28, 29, 30, 31, 34, 35, 361], "summary": {"covered_lines": 27, "num_statements": 27, "percent_covered": 100.0, "percent_covered_display": "100", "missing_lines": 0, "excluded_lines": 0}, "missing_lines": [], "excluded_lines": []}}, "classes": {"DBOSWorkflowResult": {"executed_lines": [], "summary": {"covered_lines": 0, "num_statements": 0, "percent_covered": 100.0, "percent_covered_display": "100", "missing_lines": 0, "excluded_lines": 0}, "missing_lines": [], "excluded_lines": []}, "": {"executed_lines": [1, 3, 4, 5, 6, 7, 8, 10, 11, 13, 14, 15, 16, 17, 20, 23, 24, 25, 26, 27, 28, 29, 30, 31, 34, 35, 361], "summary": {"covered_lines": 27, "num_statements": 262, "percent_covered": 10.305343511450381, "percent_covered_display": "10", "missing_lines": 235, "excluded_lines": 0}, "missing_lines": [41, 42, 43, 44, 45, 48, 58, 59, 65, 66, 67, 69, 71, 72, 73, 74, 76, 77, 78, 79, 80, 81, 83, 84, 94, 95, 96, 97, 98, 99, 100, 102, 103, 104, 105, 106, 107, 109, 110, 112, 113, 116, 117, 118, 119, 120, 122, 124, 125, 126, 127, 128, 129, 130, 131, 132, 133, 135, 136, 137, 139, 140, 141, 143, 144, 145, 146, 147, 148, 149, 151, 152, 154, 155, 158, 159, 160, 161, 167, 168, 171, 173, 174, 182, 183, 184, 185, 188, 189, 192, 193, 195, 196, 201, 202, 203, 204, 207, 208, 214, 215, 216, 217, 220, 221, 222, 223, 225, 226, 227, 228, 230, 231, 232, 234, 237, 244, 245, 246, 248, 249, 250, 258, 259, 261, 262, 263, 267, 268, 269, 270, 271, 272, 275, 276, 277, 280, 281, 282, 283, 284, 285, 286, 288, 289, 291, 292, 295, 298, 299, 300, 301, 306, 307, 308, 309, 310, 316, 318, 319, 324, 325, 326, 327, 328, 336, 337, 344, 345, 346, 347, 349, 378, 379, 380, 382, 390, 391, 394, 395, 396, 397, 398, 399, 400, 403, 404, 405, 406, 407, 410, 412, 415, 416, 417, 418, 419, 422, 423, 424, 425, 426, 427, 428, 429, 430, 431, 433, 434, 435, 436, 439, 440, 441, 442, 443, 444, 445, 446, 447, 448, 450, 451, 453, 454, 455, 456, 457, 458, 460, 479, 485, 486, 488, 490], "excluded_lines": []}}}, "workflow_core_sdk/decorators.py": {"executed_lines": [], "summary": {"covered_lines": 0, "num_statements": 23, "percent_covered": 0.0, "percent_covered_display": "0", "missing_lines": 23, "excluded_lines": 0}, "missing_lines": [1, 2, 5, 8, 9, 10, 11, 12, 13, 14, 17, 19, 20, 21, 22, 23, 24, 27, 29, 31, 32, 33, 35], "excluded_lines": [], "functions": {"step_traced": {"executed_lines": [], "summary": {"covered_lines": 0, "num_statements": 2, "percent_covered": 0.0, "percent_covered_display": "0", "missing_lines": 2, "excluded_lines": 0}, "missing_lines": [8, 35], "excluded_lines": []}, "step_traced.decorator": {"executed_lines": [], "summary": {"covered_lines": 0, "num_statements": 6, "percent_covered": 0.0, "percent_covered_display": "0", "missing_lines": 6, "excluded_lines": 0}, "missing_lines": [9, 19, 29, 31, 32, 33], "excluded_lines": []}, "step_traced.decorator.async_wrapper": {"executed_lines": [], "summary": {"covered_lines": 0, "num_statements": 6, "percent_covered": 0.0, "percent_covered_display": "0", "missing_lines": 6, "excluded_lines": 0}, "missing_lines": [10, 11, 12, 13, 14, 17], "excluded_lines": []}, "step_traced.decorator.sync_wrapper": {"executed_lines": [], "summary": {"covered_lines": 0, "num_statements": 6, "percent_covered": 0.0, "percent_covered_display": "0", "missing_lines": 6, "excluded_lines": 0}, "missing_lines": [20, 21, 22, 23, 24, 27], "excluded_lines": []}, "": {"executed_lines": [], "summary": {"covered_lines": 0, "num_statements": 3, "percent_covered": 0.0, "percent_covered_display": "0", "missing_lines": 3, "excluded_lines": 0}, "missing_lines": [1, 2, 5], "excluded_lines": []}}, "classes": {"": {"executed_lines": [], "summary": {"covered_lines": 0, "num_statements": 23, "percent_covered": 0.0, "percent_covered_display": "0", "missing_lines": 23, "excluded_lines": 0}, "missing_lines": [1, 2, 5, 8, 9, 10, 11, 12, 13, 14, 17, 19, 20, 21, 22, 23, 24, 27, 29, 31, 32, 33, 35], "excluded_lines": []}}}, "workflow_core_sdk/error_handling.py": {"executed_lines": [], "summary": {"covered_lines": 0, "num_statements": 184, "percent_covered": 0.0, "percent_covered_display": "0", "missing_lines": 184, "excluded_lines": 0}, "missing_lines": [8, 9, 10, 11, 12, 13, 14, 15, 18, 21, 23, 24, 25, 26, 29, 31, 32, 33, 34, 35, 38, 39, 41, 42, 43, 44, 45, 46, 47, 48, 51, 52, 54, 55, 56, 57, 58, 59, 60, 61, 62, 63, 64, 67, 70, 73, 74, 75, 76, 77, 80, 82, 85, 87, 90, 92, 95, 97, 100, 102, 105, 107, 110, 113, 114, 115, 116, 118, 142, 143, 145, 147, 148, 150, 151, 152, 159, 160, 162, 165, 167, 168, 170, 172, 173, 176, 179, 182, 183, 184, 187, 188, 189, 192, 193, 197, 200, 201, 203, 212, 214, 215, 216, 217, 218, 219, 220, 222, 236, 238, 241, 242, 243, 251, 252, 253, 256, 257, 258, 260, 262, 263, 264, 265, 267, 269, 270, 272, 274, 275, 277, 279, 280, 281, 282, 283, 286, 288, 292, 293, 294, 295, 298, 299, 300, 301, 302, 305, 313, 322, 323, 325, 326, 329, 331, 334, 335, 337, 338, 340, 341, 343, 344, 347, 350, 353, 354, 355, 357, 359, 362, 363, 364, 366, 367, 370, 371, 372, 374, 375, 376, 378, 380, 390], "excluded_lines": [], "functions": {"WorkflowError.__init__": {"executed_lines": [], "summary": {"covered_lines": 0, "num_statements": 5, "percent_covered": 0.0, "percent_covered_display": "0", "missing_lines": 5, "excluded_lines": 0}, "missing_lines": [73, 74, 75, 76, 77], "excluded_lines": []}, "ErrorHandler.__init__": {"executed_lines": [], "summary": {"covered_lines": 0, "num_statements": 3, "percent_covered": 0.0, "percent_covered_display": "0", "missing_lines": 3, "excluded_lines": 0}, "missing_lines": [114, 115, 116], "excluded_lines": []}, "ErrorHandler.execute_with_retry": {"executed_lines": [], "summary": {"covered_lines": 0, "num_statements": 30, "percent_covered": 0.0, "percent_covered_display": "0", "missing_lines": 30, "excluded_lines": 0}, "missing_lines": [142, 143, 145, 147, 148, 150, 151, 152, 159, 160, 162, 165, 167, 168, 170, 172, 173, 176, 179, 182, 183, 184, 187, 188, 189, 192, 193, 197, 200, 201], "excluded_lines": []}, "ErrorHandler._create_error_context": {"executed_lines": [], "summary": {"covered_lines": 0, "num_statements": 9, "percent_covered": 0.0, "percent_covered_display": "0", "missing_lines": 9, "excluded_lines": 0}, "missing_lines": [212, 214, 215, 216, 217, 218, 219, 220, 222], "excluded_lines": []}, "ErrorHandler._record_error": {"executed_lines": [], "summary": {"covered_lines": 0, "num_statements": 10, "percent_covered": 0.0, "percent_covered_display": "0", "missing_lines": 10, "excluded_lines": 0}, "missing_lines": [238, 241, 242, 243, 251, 252, 253, 256, 257, 258], "excluded_lines": []}, "ErrorHandler._record_success": {"executed_lines": [], "summary": {"covered_lines": 0, "num_statements": 4, "percent_covered": 0.0, "percent_covered_display": "0", "missing_lines": 4, "excluded_lines": 
[...]
 312, 322, 332], "summary": {"covered_lines": 51, "num_statements": 51, "percent_covered": 100.0, "percent_covered_display": "100", "missing_lines": 0, "excluded_lines": 0}, "missing_lines": [], "excluded_lines": []}}, "classes": {"ConditionOperator": {"executed_lines": [], "summary": {"covered_lines": 0, "num_statements": 0, "percent_covered": 100.0, "percent_covered_display": "100", "missing_lines": 0, "excluded_lines": 0}, "missing_lines": [], "excluded_lines": []}, "LogicalOperator": {"executed_lines": [], "summary": {"covered_lines": 0, "num_statements": 0, "percent_covered": 100.0, "percent_covered_display": "100", "missing_lines": 0, "excluded_lines": 0}, "missing_lines": [], "excluded_lines": []}, "Condition": {"executed_lines": [], "summary": {"covered_lines": 0, "num_statements": 0, "percent_covered": 100.0, "percent_covered_display": "100", "missing_lines": 0, "excluded_lines": 0}, "missing_lines": [], "excluded_lines": []}, "ConditionalExpression": {"executed_lines": [], "summary": {"covered_lines": 0, "num_statements": 0, "percent_covered": 100.0, "percent_covered_display": "100", "missing_lines": 0, "excluded_lines": 0}, "missing_lines": [], "excluded_lines": []}, "ConditionEvaluator": {"executed_lines": [68, 81, 83, 86, 87, 89, 90, 92, 93, 95, 96, 98, 99, 101, 102, 104, 105, 107, 108, 110, 111, 113, 114, 116, 117, 119, 120, 122, 123, 125, 126, 128, 129, 131, 132, 134, 135, 156, 157, 160, 162, 163, 164, 171, 174, 175, 176, 177, 242, 243, 244, 246, 247, 248, 249, 252, 254, 297, 299, 314, 315, 316, 324, 326, 327], "summary": {"covered_lines": 65, "num_statements": 146, "percent_covered": 44.52054794520548, "percent_covered_display": "45", "missing_lines": 81, "excluded_lines": 0}, "missing_lines": [138, 139, 141, 142, 143, 158, 165, 166, 168, 169, 178, 180, 182, 183, 185, 186, 187, 198, 200, 201, 202, 203, 204, 205, 208, 210, 217, 218, 219, 221, 222, 223, 225, 226, 227, 229, 230, 231, 233, 234, 236, 237, 238, 250, 256, 257, 258, 262, 265, 267, 270, 271, 272, 274, 275, 276, 279, 280, 281, 282, 283, 284, 287, 288, 289, 290, 293, 300, 302, 303, 304, 305, 306, 308, 309, 310, 318, 319, 320, 325, 328], "excluded_lines": []}, "": {"executed_lines": [1, 8, 9, 10, 11, 12, 13, 16, 19, 20, 21, 22, 23, 24, 25, 26, 27, 28, 29, 30, 31, 32, 33, 34, 35, 36, 37, 40, 41, 42, 43, 44, 47, 48, 49, 50, 51, 52, 53, 56, 57, 58, 59, 60, 61, 64, 65, 67, 70, 145, 189, 240, 260, 295, 312, 322, 332], "summary": {"covered_lines": 51, "num_statements": 51, "percent_covered": 100.0, "percent_covered_display": "100", "missing_lines": 0, "excluded_lines": 0}, "missing_lines": [], "excluded_lines": []}}}, "workflow_core_sdk/utils/decorators.py": {"executed_lines": [], "summary": {"covered_lines": 0, "num_statements": 23, "percent_covered": 0.0, "percent_covered_display": "0", "missing_lines": 23, "excluded_lines": 0}, "missing_lines": [1, 2, 5, 8, 9, 10, 11, 12, 13, 14, 17, 19, 20, 21, 22, 23, 24, 27, 29, 31, 32, 33, 35], "excluded_lines": [], "functions": {"step_traced": {"executed_lines": [], "summary": {"covered_lines": 0, "num_statements": 2, "percent_covered": 0.0, "percent_covered_display": "0", "missing_lines": 2, "excluded_lines": 0}, "missing_lines": [8, 35], "excluded_lines": []}, "step_traced.decorator": {"executed_lines": [], "summary": {"covered_lines": 0, "num_statements": 6, "percent_covered": 0.0, "percent_covered_display": "0", "missing_lines": 6, "excluded_lines": 0}, "missing_lines": [9, 19, 29, 31, 32, 33], "excluded_lines": []}, "step_traced.decorator.async_wrapper": {"executed_lines": [], "summary": {"covered_lines": 0, "num_statements": 6, "percent_covered": 0.0, "percent_covered_display": "0", "missing_lines": 6, "excluded_lines": 0}, "missing_lines": [10, 11, 12, 13, 14, 17], "excluded_lines": []}, "step_traced.decorator.sync_wrapper": {"executed_lines": [], "summary": {"covered_lines": 0, "num_statements": 6, "percent_covered": 0.0, "percent_covered_display": "0", "missing_lines": 6, "excluded_lines": 0}, "missing_lines": [20, 21, 22, 23, 24, 27], "excluded_lines": []}, "": {"executed_lines": [], "summary": {"covered_lines": 0, "num_statements": 3, "percent_covered": 0.0, "percent_covered_display": "0", "missing_lines": 3, "excluded_lines": 0}, "missing_lines": [1, 2, 5], "excluded_lines": []}}, "classes": {"": {"executed_lines": [], "summary": {"covered_lines": 0, "num_statements": 23, "percent_covered": 0.0, "percent_covered_display": "0", "missing_lines": 23, "excluded_lines": 0}, "missing_lines": [1, 2, 5, 8, 9, 10, 11, 12, 13, 14, 17, 19, 20, 21, 22, 23, 24, 27, 29, 31, 32, 33, 35], "excluded_lines": []}}}, "workflow_core_sdk/utils/schema_utils.py": {"executed_lines": [1, 8, 9, 12, 44, 109, 135, 161, 209], "summary": {"covered_lines": 8, "num_statements": 54, "percent_covered": 14.814814814814815, "percent_covered_display": "15", "missing_lines": 46, "excluded_lines": 0}, "missing_lines": [22, 32, 33, 34, 35, 36, 37, 38, 39, 41, 71, 72, 74, 87, 89, 90, 92, 93, 96, 98, 100, 103, 104, 106, 125, 151, 175, 176, 179, 180, 198, 240, 242, 243, 245, 246, 248, 249, 250, 251, 253, 259, 262, 263, 265, 266], "excluded_lines": [], "functions": {"python_type_to_json_type": {"executed_lines": [], "summary": {"covered_lines": 0, "num_statements": 10, "percent_covered": 0.0, "percent_covered_display": "0", "missing_lines": 10, "excluded_lines": 0}, "missing_lines": [22, 32, 33, 34, 35, 36, 37, 38, 39, 41], "excluded_lines": []}, "function_to_openai_schema": {"executed_lines": [], "summary": {"covered_lines": 0, "num_statements": 14, "percent_covered": 0.0, "percent_covered_display": "0", "missing_lines": 14, "excluded_lines": 0}, "missing_lines": [71, 72, 74, 87, 89, 90, 92, 93, 96, 98, 100, 103, 104, 106], "excluded_lines": []}, "create_step_input_schema": {"executed_lines": [], "summary": {"covered_lines": 0, "num_statements": 1, "percent_covered": 0.0, "percent_covered_display": "0", "missing_lines": 1, "excluded_lines": 0}, "missing_lines": [125], "excluded_lines": []}, "create_step_output_schema": {"executed_lines": [], "summary": {"covered_lines": 0, "num_statements": 1, "percent_covered": 0.0, "percent_covered_display": "0", "missing_lines": 1, "excluded_lines": 0}, "missing_lines": [151], "excluded_lines": []}, "infer_output_schema_from_function": {"executed_lines": [], "summary": {"covered_lines": 0, "num_statements": 5, "percent_covered": 0.0, "percent_covered_display": "0", "missing_lines": 5, "excluded_lines": 0}, "missing_lines": [175, 176, 179, 180, 198], "excluded_lines": []}, "extract_output_fields": {"executed_lines": [], "summary": {"covered_lines": 0, "num_statements": 8, "percent_covered": 0.0, "percent_covered_display": "0", "missing_lines": 8, "excluded_lines": 0}, "missing_lines": [240, 242, 243, 245, 246, 248, 265, 266], "excluded_lines": []}, "extract_output_fields.extract_nested_fields": {"executed_lines": [], "summary": {"covered_lines": 0, "num_statements": 7, "percent_covered": 0.0, "percent_covered_display": "0", "missing_lines": 7, "excluded_lines": 0}, "missing_lines": [249, 250, 251, 253, 259, 262, 263], "excluded_lines": []}, "": {"executed_lines": [1, 8, 9, 12, 44, 109, 135, 161, 209], "summary": {"covered_lines": 8, "num_statements": 8, "percent_covered": 100.0, "percent_covered_display": "100", "missing_lines": 0, "excluded_lines": 0}, "missing_lines": [], "excluded_lines": []}}, "classes": {"": {"executed_lines": [1, 8, 9, 12, 44, 109, 135, 161, 209], "summary": {"covered_lines": 8, "num_statements": 54, "percent_covered": 14.814814814814815, "percent_covered_display": "15", "missing_lines": 46, "excluded_lines": 0}, "missing_lines": [22, 32, 33, 34, 35, 36, 37, 38, 39, 41, 71, 72, 74, 87, 89, 90, 92, 93, 96, 98, 100, 103, 104, 106, 125, 151, 175, 176, 179, 180, 198, 240, 242, 243, 245, 246, 248, 249, 250, 251, 253, 259, 262, 263, 265, 266], "excluded_lines": []}}}, "workflow_core_sdk/workflow_engine.py": {"executed_lines": [1, 8, 9, 11, 12, 13, 15, 18, 19, 20, 30, 37, 39, 40, 42, 46, 49, 50, 58, 63, 187, 210, 239, 246, 269, 382, 439, 467, 513, 571, 600, 623, 636, 649, 663, 684, 762, 799], "summary": {"covered_lines": 35, "num_statements": 377, "percent_covered": 9.283819628647215, "percent_covered_display": "9", "missing_lines": 342, "excluded_lines": 2}, "missing_lines": [59, 60, 61, 70, 72, 74, 77, 80, 81, 84, 86, 88, 89, 90, 91, 92, 93, 96, 99, 100, 101, 103, 104, 105, 106, 108, 109, 110, 111, 112, 113, 115, 116, 127, 128, 131, 133, 134, 135, 136, 137, 138, 139, 140, 141, 142, 143, 144, 145, 147, 148, 150, 151, 162, 163, 165, 166, 167, 168, 173, 174, 175, 176, 179, 182, 183, 185, 191, 196, 197, 198, 200, 203, 204, 205, 208, 213, 214, 215, 218, 220, 222, 223, 224, 225, 228, 229, 230, 231, 232, 233, 236, 237, 244, 249, 250, 251, 254, 256, 257, 258, 259, 260, 263, 264, 266, 267, 272, 273, 275, 276, 277, 279, 282, 285, 286, 288, 289, 292, 295, 303, 305, 314, 316, 317, 318, 319, 321, 322, 330, 331, 333, 335, 337, 338, 341, 342, 343, 346, 347, 349, 350, 363, 364, 365, 366, 369, 371, 374, 375, 377, 379, 380, 385, 386, 389, 392, 394, 395, 396, 406, 413, 414, 420, 422, 423, 430, 437, 443, 444, 445, 446, 449, 456, 458, 471, 479, 487, 488, 490, 491, 494, 495, 506, 507, 508, 511, 525, 526, 527, 529, 531, 534, 536, 537, 538, 540, 541, 543, 545, 547, 548, 549, 552, 553, 554, 556, 558, 562, 564, 565, 567, 568, 569, 573, 584, 585, 593, 594, 595, 596, 598, 602, 603, 605, 606, 607, 608, 609, 611, 613, 619, 620, 621, 625, 626, 632, 633, 634, 638, 639, 640, 641, 642, 644, 646, 647, 653, 654, 657, 658, 659, 661, 665, 666, 667, 668, 671, 674, 677, 680, 681, 682, 687, 688, 689, 692, 693, 694, 701, 702, 705, 706, 707, 709, 710, 711, 713, 714, 715, 717, 718, 719, 722, 723, 724, 725, 726, 729, 730, 731, 732, 734, 737, 738, 739, 741, 742, 743, 745, 746, 747, 748, 749, 752, 753, 755, 766, 767, 768, 769, 770, 773, 774, 776, 777, 778, 779, 780, 782, 783, 785, 786, 787, 789, 790, 792, 793, 794, 795, 797, 803, 806, 807, 810, 813, 814, 817, 818, 819, 820, 822], "excluded_lines": [42, 43], "functions": {"WorkflowEngine.__init__": {"executed_lines": [], "summary": {"covered_lines": 0, "num_statements": 3, "percent_covered": 0.0, "percent_covered_display": "0", "missing_lines": 3, "excluded_lines": 0}, "missing_lines": [59, 60, 61], "excluded_lines": []}, "WorkflowEngine.execute_workflow": {"executed_lines": [], "summary": {"covered_lines": 0, "num_statements": 64, "percent_covered": 0.0, "percent_covered_display": "0", "missing_lines": 64, "excluded_lines": 0}, "missing_lines": [70, 72, 74, 77, 80, 81, 84, 86, 88, 89, 90, 91, 92, 93, 96, 99, 100, 101, 103, 104, 105, 106, 108, 109, 110, 111, 112, 113, 115, 116, 127, 128, 131, 133, 134, 135, 136, 137, 138, 139, 140, 141, 142, 143, 144, 145, 147, 148, 150, 151, 162, 163, 165, 166, 167, 168, 173, 174, 175, 176, 179, 182, 183, 185], "excluded_lines": []}, "WorkflowEngine._execute_sequential": {"executed_lines": [], "summary": {"covered_lines": 0, "num_statements": 9, "percent_covered": 0.0, "percent_covered_display": "0", "missing_lines": 9, "excluded_lines": 0}, "missing_lines": [191, 196, 197, 198, 200, 203, 204, 205, 208], "excluded_lines": []}, "WorkflowEngine._execute_parallel": {"executed_lines": [], "summary": {"covered_lines": 0, "num_statements": 17, "percent_covered": 0.0, "percent_covered_display": "0", "missing_lines": 17, "excluded_lines": 0}, "missing_lines": [213, 214, 215, 218, 220, 222, 223, 224, 225, 228, 229, 230, 231, 232, 233, 236, 237], "excluded_lines": []}, "WorkflowEngine._execute_conditional": {"executed_lines": [], "summary": {"covered_lines": 0, "num_statements": 1, "percent_covered": 0.0, "percent_covered_display": "0", "missing_lines": 1, "excluded_lines": 0}, "missing_lines": [244], "excluded_lines": []}, "WorkflowEngine._execute_dependency_based": {"executed_lines": [], "summary": {"covered_lines": 0, "num_statements": 13, "percent_covered": 0.0, "percent_covered_display": "0", "missing_lines": 13, "excluded_lines": 0}, "missing_lines": [249, 250, 251, 254, 256, 257, 258, 259, 260, 263, 264, 266, 267], "excluded_lines": []}, "WorkflowEngine._execute_single_step": {"executed_lines": [], "summary": {"covered_lines": 0, "num_statements": 46, "percent_covered": 0.0, "percent_covered_display": "0", "missing_lines": 46, "excluded_lines": 0}, "missing_lines": [272, 273, 275, 276, 277, 279, 282, 285, 286, 288, 289, 292, 295, 303, 305, 314, 316, 317, 318, 319, 321, 322, 330, 331, 333, 335, 337, 338, 341, 342, 343, 346, 347, 349, 350, 363, 364, 365, 366, 369, 371, 374, 375, 377, 379, 380], "excluded_lines": []}, "WorkflowEngine._execute_step_once": {"executed_lines": [], "summary": {"covered_lines": 0, "num_statements": 15, "percent_covered": 0.0, "percent_covered_display": "0", "missing_lines": 15, "excluded_lines": 0}, "missing_lines": [385, 386, 389, 392, 394, 395, 396, 406, 413, 414, 420, 422, 423, 430, 437], "excluded_lines": []}, "WorkflowEngine._create_retry_config": {"executed_lines": [], "summary": {"covered_lines": 0, "num_statements": 7, "percent_covered": 0.0, "percent_covered_display": "0", "missing_lines": 7, "excluded_lines": 0}, "missing_lines": [443, 444, 445, 446, 449, 456, 458], "excluded_lines": []}, "WorkflowEngine._is_retryable_step_error": {"executed_lines": [], "summary": {"covered_lines": 0, "num_statements": 12, "percent_covered": 0.0, "percent_covered_display": "0", "missing_lines": 12, "excluded_lines": 0}, "missing_lines": [471, 479, 487, 488, 490, 491, 494, 495, 506, 507, 508, 511], "excluded_lines": []}, "WorkflowEngine._should_execute_step": {"executed_lines": [], "summary": {"covered_lines": 0, "num_statements": 27, "percent_covered": 0.0, "percent_covered_display": "0", "missing_lines": 27, "excluded_lines": 0}, "missing_lines": [525, 526, 527, 529, 531, 534, 536, 537, 538, 540, 541, 543, 545, 547, 548, 549, 552, 553, 554, 556, 558, 562, 564, 565, 567, 568, 569], "excluded_lines": []}, "WorkflowEngine._prepare_condition_context": {"executed_lines": [], "summary": {"covered_lines": 0, "num_statements": 8, "percent_covered": 0.0, "percent_covered_display": "0", "missing_lines": 8, "excluded_lines": 0}, "missing_lines": [573, 584, 585, 593, 594, 595, 596, 598], "excluded_lines": []}, "WorkflowEngine._parse_conditional_expression": {"executed_lines": [], "summary": {"covered_lines": 0, "num_statements": 12, "percent_covered": 0.0, "percent_covered_display": "0", "missing_lines": 12, "excluded_lines": 0}, "missing_lines": [602, 603, 605, 606, 607, 608, 609, 611, 613, 619, 620, 621], "excluded_lines": []}, "WorkflowEngine._parse_condition_dict": {"executed_lines": [], "summary": {"covered_lines": 0, "num_statements": 5, "percent_covered": 0.0, "percent_covered_display": "0", "missing_lines": 5, "excluded_lines": 0}, "missing_lines": [625, 626, 632, 633, 634], "excluded_lines": []}, "WorkflowEngine._parse_condition_item": {"executed_lines": [], "summary": {"covered_lines": 0, "num_statements": 8, "percent_covered": 0.0, "percent_covered_display": "0", "missing_lines": 8, "excluded_lines": 0}, "missing_lines": [638, 639, 640, 641, 642, 644, 646, 647], "excluded_lines": []}, "WorkflowEngine.get_execution_context": {"executed_lines": [], "summary": {"covered_lines": 0, "num_statements": 6, "percent_covered": 0.0, "percent_covered_display": "0", "missing_lines": 6, "excluded_lines": 0}, "missing_lines": [653, 654, 657, 658, 659, 661], "excluded_lines": []}, "WorkflowEngine.resume_execution": {"executed_lines": [], "summary": {"covered_lines": 0, "num_statements": 10, "percent_covered": 0.0, "percent_covered_display": "0", "missing_lines": 10, "excluded_lines": 0}, "missing_lines": [665, 666, 667, 668, 671, 674, 677, 680, 681, 682], "excluded_lines": []}, "WorkflowEngine.validate_workflow": {"executed_lines": [], "summary": {"covered_lines": 0, "num_statements": 44, "percent_covered": 0.0, "percent_covered_display": "0", "missing_lines": 44, "excluded_lines": 0}, "missing_lines": [687, 688, 689, 692, 693, 694, 701, 702, 705, 706, 707, 709, 710, 711, 713, 714, 715, 717, 718, 719, 722, 723, 724, 725, 726, 729, 730, 731, 732, 734, 737, 738, 739, 741, 742, 743, 745, 746, 747, 748, 749, 752, 753, 755], "excluded_lines": []}, "WorkflowEngine._has_circular_dependencies": {"executed_lines": [], "summary": {"covered_lines": 0, "num_statements": 13, "percent_covered": 0.0, "percent_covered_display": "0", "missing_lines": 13, "excluded_lines": 0}, "missing_lines": [766, 767, 768, 769, 770, 773, 774, 776, 792, 793, 794, 795, 797], "excluded_lines": []}, "WorkflowEngine._has_circular_dependencies.dfs": {"executed_lines": [], "summary": {"covered_lines": 0, "num_statements": 11, "percent_covered": 0.0, "percent_covered_display": "0", "missing_lines": 11, "excluded_lines": 0}, "missing_lines": [777, 778, 779, 780, 782, 783, 785, 786, 787, 789, 790], "excluded_lines": []}, "WorkflowEngine.get_execution_analytics": {"executed_lines": [], "summary": {"covered_lines": 0, "num_statements": 11, "percent_covered": 0.0, "percent_covered_display": "0", "missing_lines": 11, "excluded_lines": 0}, "missing_lines": [803, 806, 807, 810, 813, 814, 817, 818, 819, 820, 822], "excluded_lines": []}, "": {"executed_lines": [1, 8, 9, 11, 12, 13, 15, 18, 19, 20, 30, 37, 39, 40, 42, 46, 49, 50, 58, 63, 187, 210, 239, 246, 269, 382, 439, 467, 513, 571, 600, 623, 636, 649, 663, 684, 762, 799], "summary": {"covered_lines": 35, "num_statements": 35, "percent_covered": 100.0, "percent_covered_display": "100", "missing_lines": 0, "excluded_lines": 2}, "missing_lines": [], "excluded_lines": [42, 43]}}, "classes": {"WorkflowEngine": {"executed_lines": [], "summary": {"covered_lines": 0, "num_statements": 342, "percent_covered": 0.0, "percent_covered_display": "0", "missing_lines": 342, "excluded_lines": 0}, "missing_lines": [59, 60, 61, 70, 72, 74, 77, 80, 81, 84, 86, 88, 89, 90, 91, 92, 93, 96, 99, 100, 101, 103, 104, 105, 106, 108, 109, 110, 111, 112, 113, 115, 116, 127, 128, 131, 133, 134, 135, 136, 137, 138, 139, 140, 141, 142, 143, 144, 145, 147, 148, 150, 151, 162, 163, 165, 166, 167, 168, 173, 174, 175, 176, 179, 182, 183, 185, 191, 196, 197, 198, 200, 203, 204, 205, 208, 213, 214, 215, 218, 220, 222, 223, 224, 225, 228, 229, 230, 231, 232, 233, 236, 237, 244, 249, 250, 251, 254, 256, 257, 258, 259, 260, 263, 264, 266, 267, 272, 273, 275, 276, 277, 279, 282, 285, 286, 288, 289, 292, 295, 303, 305, 314, 316, 317, 318, 319, 321, 322, 330, 331, 333, 335, 337, 338, 341, 342, 343, 346, 347, 349, 350, 363, 364, 365, 366, 369, 371, 374, 375, 377, 379, 380, 385, 386, 389, 392, 394, 395, 396, 406, 413, 414, 420, 422, 423, 430, 437, 443, 444, 445, 446, 449, 456, 458, 471, 479, 487, 488, 490, 491, 494, 495, 506, 507, 508, 511, 525, 526, 527, 529, 531, 534, 536, 537, 538, 540, 541, 543, 545, 547, 548, 549, 552, 553, 554, 556, 558, 562, 564, 565, 567, 568, 569, 573, 584, 585, 593, 594, 595, 596, 598, 602, 603, 605, 606, 607, 608, 609, 611, 613, 619, 620, 621, 625, 626, 632, 633, 634, 638, 639, 640, 641, 642, 644, 646, 647, 653, 654, 657, 658, 659, 661, 665, 666, 667, 668, 671, 674, 677, 680, 681, 682, 687, 688, 689, 692, 693, 694, 701, 702, 705, 706, 707, 709, 710, 711, 713, 714, 715, 717, 718, 719, 722, 723, 724, 725, 726, 729, 730, 731, 732, 734, 737, 738, 739, 741, 742, 743, 745, 746, 747, 748, 749, 752, 753, 755, 766, 767, 768, 769, 770, 773, 774, 776, 777, 778, 779, 780, 782, 783, 785, 786, 787, 789, 790, 792, 793, 794, 795, 797, 803, 806, 807, 810, 813, 814, 817, 818, 819, 820, 822], "excluded_lines": []}, "": {"executed_lines": [1, 8, 9, 11, 12, 13, 15, 18, 19, 20, 30, 37, 39, 40, 42, 46, 49, 50, 58, 63, 187, 210, 239, 246, 269, 382, 439, 467, 513, 571, 600, 623, 636, 649, 663, 684, 762, 799], "summary": {"covered_lines": 35, "num_statements": 35, "percent_covered": 100.0, "percent_covered_display": "100", "missing_lines": 0, "excluded_lines": 2}, "missing_lines": [], "excluded_lines": [42, 43]}}}}, "totals": {"covered_lines": 2962, "num_statements": 8083, "percent_covered": 36.64481009526166, "percent_covered_display": "37", "missing_lines": 5121, "excluded_lines": 30}}